2024-06-09T08:38:24.975Z [Modules] Modules initializing
2024-06-09T08:38:24.975Z [Modules] Distribution: remote
2024-06-09T08:38:24.975Z [Modules] Host updates: disabled
2024-06-09T08:38:24.976Z [Modules] Module updates: enabled
2024-06-09T08:38:24.976Z [Modules] Module install path: /home/harrek/.config/discord/0.0.54/modules
2024-06-09T08:38:24.976Z [Modules] Module installed file path: /home/harrek/.config/discord/0.0.54/modules/installed.json
2024-06-09T08:38:24.976Z [Modules] Module download path: /home/harrek/.config/discord/0.0.54/modules/pending
2024-06-09T08:38:25.751Z [Modules] Bootstrapping...
2024-06-09T08:38:25.752Z [Modules] Installing discord_desktop_core@0 from /nix/store/s7bmbx9y6mv825kdkl6kz0kzs665zhsv-discord-0.0.54/opt/Discord/resources/bootstrap/discord_desktop_core.zip
2024-06-09T08:38:25.753Z [Modules] Failed installing discord_desktop_core@0: Error: ENOENT: no such file or directory, open '/nix/store/s7bmbx9y6mv825kdkl6kz0kzs665zhsv-discord-0.0.54/opt/Discord/resources/bootstrap/discord_desktop_core.zip'
2024-06-09T08:38:25.754Z [Modules] Installing discord_erlpack@0 from /nix/store/s7bmbx9y6mv825kdkl6kz0kzs665zhsv-discord-0.0.54/opt/Discord/resources/bootstrap/discord_erlpack.zip
2024-06-09T08:38:25.754Z [Modules] Failed installing discord_erlpack@0: Error: ENOENT: no such file or directory, open '/nix/store/s7bmbx9y6mv825kdkl6kz0kzs665zhsv-discord-0.0.54/opt/Discord/resources/bootstrap/discord_erlpack.zip'
2024-06-09T08:38:25.755Z [Modules] Installing discord_spellcheck@0 from /nix/store/s7bmbx9y6mv825kdkl6kz0kzs665zhsv-discord-0.0.54/opt/Discord/resources/bootstrap/discord_spellcheck.zip
2024-06-09T08:38:25.755Z [Modules] Failed installing discord_spellcheck@0: Error: ENOENT: no such file or directory, open '/nix/store/s7bmbx9y6mv825kdkl6kz0kzs665zhsv-discord-0.0.54/opt/Discord/resources/bootstrap/discord_spellcheck.zip'
2024-06-09T08:38:25.755Z [Modules] Installing discord_utils@0 from /nix/store/s7bmbx9y6mv825kdkl6kz0kzs665zhsv-discord-0.0.54/opt/Discord/resources/bootstrap/discord_utils.zip
2024-06-09T08:38:25.756Z [Modules] Failed installing discord_utils@0: Error: ENOENT: no such file or directory, open '/nix/store/s7bmbx9y6mv825kdkl6kz0kzs665zhsv-discord-0.0.54/opt/Discord/resources/bootstrap/discord_utils.zip'
2024-06-09T08:38:25.756Z [Modules] Installing discord_voice@0 from /nix/store/s7bmbx9y6mv825kdkl6kz0kzs665zhsv-discord-0.0.54/opt/Discord/resources/bootstrap/discord_voice.zip
2024-06-09T08:38:25.756Z [Modules] Failed installing discord_voice@0: Error: ENOENT: no such file or directory, open '/nix/store/s7bmbx9y6mv825kdkl6kz0kzs665zhsv-discord-0.0.54/opt/Discord/resources/bootstrap/discord_voice.zip'
2024-06-09T08:38:25.756Z [Modules] Installing discord_zstd@0 from /nix/store/s7bmbx9y6mv825kdkl6kz0kzs665zhsv-discord-0.0.54/opt/Discord/resources/bootstrap/discord_zstd.zip
2024-06-09T08:38:25.757Z [Modules] Failed installing discord_zstd@0: Error: ENOENT: no such file or directory, open '/nix/store/s7bmbx9y6mv825kdkl6kz0kzs665zhsv-discord-0.0.54/opt/Discord/resources/bootstrap/discord_zstd.zip'
2024-06-09T08:38:25.757Z [Modules] Finished module installations. [success: 0] [failure: 6]
2024-06-09T08:38:25.758Z [Modules] Host is up to date.
2024-06-09T08:38:25.758Z [Modules] Checking for module updates at https://discord.com/api/modules/stable/versions.json
2024-06-09T08:38:25.935Z [Modules] Module update available: discord_desktop_core@1 [installed: 0]
2024-06-09T08:38:25.935Z [Modules] Module update available: discord_erlpack@1 [installed: 0]
2024-06-09T08:38:25.935Z [Modules] Module update available: discord_spellcheck@1 [installed: 0]
2024-06-09T08:38:25.935Z [Modules] Module update available: discord_utils@1 [installed: 0]
2024-06-09T08:38:25.935Z [Modules] Module update available: discord_voice@3 [installed: 0]
2024-06-09T08:38:25.935Z [Modules] Module update available: discord_zstd@1 [installed: 0]
2024-06-09T08:38:25.936Z [Modules] Fetching discord_desktop_core@1 from https://discord.com/api/modules/stable/discord_desktop_core/1
2024-06-09T08:38:25.936Z [Modules] Streaming discord_desktop_core@1 to /home/harrek/.config/discord/0.0.54/modules/pending/discord_desktop_core-1.zip
2024-06-09T08:38:26.864Z [Modules] Streaming discord_desktop_core@1 to /home/harrek/.config/discord/0.0.54/modules/pending/discord_desktop_core-1.zip: 1%
2024-06-09T08:38:26.884Z [Modules] Streaming discord_desktop_core@1 to /home/harrek/.config/discord/0.0.54/modules/pending/discord_desktop_core-1.zip: 2%
2024-06-09T08:38:26.892Z [Modules] Streaming discord_desktop_core@1 to /home/harrek/.config/discord/0.0.54/modules/pending/discord_desktop_core-1.zip: 3%
2024-06-09T08:38:26.942Z [Modules] Streaming discord_desktop_core@1 to /home/harrek/.config/discord/0.0.54/modules/pending/discord_desktop_core-1.zip: 4%
2024-06-09T08:38:26.951Z [Modules] Streaming discord_desktop_core@1 to /home/harrek/.config/discord/0.0.54/modules/pending/discord_desktop_core-1.zip: 5%
2024-06-09T08:38:26.994Z [Modules] Streaming discord_desktop_core@1 to /home/harrek/.config/discord/0.0.54/modules/pending/discord_desktop_core-1.zip: 7%
2024-06-09T08:38:27.005Z [Modules] Streaming discord_desktop_core@1 to /home/harrek/.config/discord/0.0.54/modules/pending/discord_desktop_core-1.zip: 9%
2024-06-09T08:38:27.019Z [Modules] Streaming discord_desktop_core@1 to /home/harrek/.config/discord/0.0.54/modules/pending/discord_desktop_core-1.zip: 10%
2024-06-09T08:38:27.024Z [Modules] Streaming discord_desktop_core@1 to /home/harrek/.config/discord/0.0.54/modules/pending/discord_desktop_core-1.zip: 11%
2024-06-09T08:38:27.034Z [Modules] Streaming discord_desktop_core@1 to /home/harrek/.config/discord/0.0.54/modules/pending/discord_desktop_core-1.zip: 12%
2024-06-09T08:38:27.042Z [Modules] Streaming discord_desktop_core@1 to /home/harrek/.config/discord/0.0.54/modules/pending/discord_desktop_core-1.zip: 14%
2024-06-09T08:38:27.056Z [Modules] Streaming discord_desktop_core@1 to /home/harrek/.config/discord/0.0.54/modules/pending/discord_desktop_core-1.zip: 16%
2024-06-09T08:38:27.066Z [Modules] Streaming discord_desktop_core@1 to /home/harrek/.config/discord/0.0.54/modules/pending/discord_desktop_core-1.zip: 17%
2024-06-09T08:38:27.071Z [Modules] Streaming discord_desktop_core@1 to /home/harrek/.config/discord/0.0.54/modules/pending/discord_desktop_core-1.zip: 19%
2024-06-09T08:38:27.078Z [Modules] Streaming discord_desktop_core@1 to /home/harrek/.config/discord/0.0.54/modules/pending/discord_desktop_core-1.zip: 20%
2024-06-09T08:38:27.084Z [Modules] Streaming discord_desktop_core@1 to /home/harrek/.config/discord/0.0.54/modules/pending/discord_desktop_core-1.zip: 21%
2024-06-09T08:38:27.087Z [Modules] Streaming discord_desktop_core@1 to /home/harrek/.config/discord/0.0.54/modules/pending/discord_desktop_core-1.zip: 22%
2024-06-09T08:38:27.094Z [Modules] Streaming discord_desktop_core@1 to /home/harrek/.config/discord/0.0.54/modules/pending/discord_desktop_core-1.zip: 23%
2024-06-09T08:38:27.097Z [Modules] Streaming discord_desktop_core@1 to /home/harrek/.config/discord/0.0.54/modules/pending/discord_desktop_core-1.zip: 24%
2024-06-09T08:38:27.100Z [Modules] Streaming discord_desktop_core@1 to /home/harrek/.config/discord/0.0.54/modules/pending/discord_desktop_core-1.zip: 25%
2024-06-09T08:38:27.112Z [Modules] Streaming discord_desktop_core@1 to /home/harrek/.config/discord/0.0.54/modules/pending/discord_desktop_core-1.zip: 27%
2024-06-09T08:38:27.114Z [Modules] Streaming discord_desktop_core@1 to /home/harrek/.config/discord/0.0.54/modules/pending/discord_desktop_core-1.zip: 28%
2024-06-09T08:38:27.125Z [Modules] Streaming discord_desktop_core@1 to /home/harrek/.config/discord/0.0.54/modules/pending/discord_desktop_core-1.zip: 29%
2024-06-09T08:38:27.129Z [Modules] Streaming discord_desktop_core@1 to /home/harrek/.config/discord/0.0.54/modules/pending/discord_desktop_core-1.zip: 30%
2024-06-09T08:38:27.133Z [Modules] Streaming discord_desktop_core@1 to /home/harrek/.config/discord/0.0.54/modules/pending/discord_desktop_core-1.zip: 31%
2024-06-09T08:38:27.136Z [Modules] Streaming discord_desktop_core@1 to /home/harrek/.config/discord/0.0.54/modules/pending/discord_desktop_core-1.zip: 32%
2024-06-09T08:38:27.140Z [Modules] Streaming discord_desktop_core@1 to /home/harrek/.config/discord/0.0.54/modules/pending/discord_desktop_core-1.zip: 33%
2024-06-09T08:38:27.147Z [Modules] Streaming discord_desktop_core@1 to /home/harrek/.config/discord/0.0.54/modules/pending/discord_desktop_core-1.zip: 34%
2024-06-09T08:38:27.151Z [Modules] Streaming discord_desktop_core@1 to /home/harrek/.config/discord/0.0.54/modules/pending/discord_desktop_core-1.zip: 35%
2024-06-09T08:38:27.155Z [Modules] Streaming discord_desktop_core@1 to /home/harrek/.config/discord/0.0.54/modules/pending/discord_desktop_core-1.zip: 36%
2024-06-09T08:38:27.158Z [Modules] Streaming discord_desktop_core@1 to /home/harrek/.config/discord/0.0.54/modules/pending/discord_desktop_core-1.zip: 37%
2024-06-09T08:38:27.163Z [Modules] Streaming discord_desktop_core@1 to /home/harrek/.config/discord/0.0.54/modules/pending/discord_desktop_core-1.zip: 38%
2024-06-09T08:38:27.167Z [Modules] Streaming discord_desktop_core@1 to /home/harrek/.config/discord/0.0.54/modules/pending/discord_desktop_core-1.zip: 39%
2024-06-09T08:38:27.173Z [Modules] Streaming discord_desktop_core@1 to /home/harrek/.config/discord/0.0.54/modules/pending/discord_desktop_core-1.zip: 40%
2024-06-09T08:38:27.178Z [Modules] Streaming discord_desktop_core@1 to /home/harrek/.config/discord/0.0.54/modules/pending/discord_desktop_core-1.zip: 41%
2024-06-09T08:38:27.181Z [Modules] Streaming discord_desktop_core@1 to /home/harrek/.config/discord/0.0.54/modules/pending/discord_desktop_core-1.zip: 42%
2024-06-09T08:38:27.186Z [Modules] Streaming discord_desktop_core@1 to /home/harrek/.config/discord/0.0.54/modules/pending/discord_desktop_core-1.zip: 43%
2024-06-09T08:38:27.189Z [Modules] Streaming discord_desktop_core@1 to /home/harrek/.config/discord/0.0.54/modules/pending/discord_desktop_core-1.zip: 44%
2024-06-09T08:38:27.192Z [Modules] Streaming discord_desktop_core@1 to /home/harrek/.config/discord/0.0.54/modules/pending/discord_desktop_core-1.zip: 45%
2024-06-09T08:38:27.200Z [Modules] Streaming discord_desktop_core@1 to /home/harrek/.config/discord/0.0.54/modules/pending/discord_desktop_core-1.zip: 46%
2024-06-09T08:38:27.205Z [Modules] Streaming discord_desktop_core@1 to /home/harrek/.config/discord/0.0.54/modules/pending/discord_desktop_core-1.zip: 47%
2024-06-09T08:38:27.209Z [Modules] Streaming discord_desktop_core@1 to /home/harrek/.config/discord/0.0.54/modules/pending/discord_desktop_core-1.zip: 48%
2024-06-09T08:38:27.212Z [Modules] Streaming discord_desktop_core@1 to /home/harrek/.config/discord/0.0.54/modules/pending/discord_desktop_core-1.zip: 49%
2024-06-09T08:38:27.215Z [Modules] Streaming discord_desktop_core@1 to /home/harrek/.config/discord/0.0.54/modules/pending/discord_desktop_core-1.zip: 50%
2024-06-09T08:38:27.221Z [Modules] Streaming discord_desktop_core@1 to /home/harrek/.config/discord/0.0.54/modules/pending/discord_desktop_core-1.zip: 51%
2024-06-09T08:38:27.223Z [Modules] Streaming discord_desktop_core@1 to /home/harrek/.config/discord/0.0.54/modules/pending/discord_desktop_core-1.zip: 52%
2024-06-09T08:38:27.228Z [Modules] Streaming discord_desktop_core@1 to /home/harrek/.config/discord/0.0.54/modules/pending/discord_desktop_core-1.zip: 53%
2024-06-09T08:38:27.230Z [Modules] Streaming discord_desktop_core@1 to /home/harrek/.config/discord/0.0.54/modules/pending/discord_desktop_core-1.zip: 54%
2024-06-09T08:38:27.239Z [Modules] Streaming discord_desktop_core@1 to /home/harrek/.config/discord/0.0.54/modules/pending/discord_desktop_core-1.zip: 56%
2024-06-09T08:38:27.241Z [Modules] Streaming discord_desktop_core@1 to /home/harrek/.config/discord/0.0.54/modules/pending/discord_desktop_core-1.zip: 57%
2024-06-09T08:38:27.250Z [Modules] Streaming discord_desktop_core@1 to /home/harrek/.config/discord/0.0.54/modules/pending/discord_desktop_core-1.zip: 59%
2024-06-09T08:38:27.257Z [Modules] Streaming discord_desktop_core@1 to /home/harrek/.config/discord/0.0.54/modules/pending/discord_desktop_core-1.zip: 60%
2024-06-09T08:38:27.260Z [Modules] Streaming discord_desktop_core@1 to /home/harrek/.config/discord/0.0.54/modules/pending/discord_desktop_core-1.zip: 62%
2024-06-09T08:38:27.265Z [Modules] Streaming discord_desktop_core@1 to /home/harrek/.config/discord/0.0.54/modules/pending/discord_desktop_core-1.zip: 63%
2024-06-09T08:38:27.271Z [Modules] Streaming discord_desktop_core@1 to /home/harrek/.config/discord/0.0.54/modules/pending/discord_desktop_core-1.zip: 65%
2024-06-09T08:38:27.275Z [Modules] Streaming discord_desktop_core@1 to /home/harrek/.config/discord/0.0.54/modules/pending/discord_desktop_core-1.zip: 66%
2024-06-09T08:38:27.280Z [Modules] Streaming discord_desktop_core@1 to /home/harrek/.config/discord/0.0.54/modules/pending/discord_desktop_core-1.zip: 67%
2024-06-09T08:38:27.284Z [Modules] Streaming discord_desktop_core@1 to /home/harrek/.config/discord/0.0.54/modules/pending/discord_desktop_core-1.zip: 68%
2024-06-09T08:38:27.287Z [Modules] Streaming discord_desktop_core@1 to /home/harrek/.config/discord/0.0.54/modules/pending/discord_desktop_core-1.zip: 69%
2024-06-09T08:38:27.290Z [Modules] Streaming discord_desktop_core@1 to /home/harrek/.config/discord/0.0.54/modules/pending/discord_desktop_core-1.zip: 70%
2024-06-09T08:38:27.293Z [Modules] Streaming discord_desktop_core@1 to /home/harrek/.config/discord/0.0.54/modules/pending/discord_desktop_core-1.zip: 71%
2024-06-09T08:38:27.297Z [Modules] Streaming discord_desktop_core@1 to /home/harrek/.config/discord/0.0.54/modules/pending/discord_desktop_core-1.zip: 72%
2024-06-09T08:38:27.300Z [Modules] Streaming discord_desktop_core@1 to /home/harrek/.config/discord/0.0.54/modules/pending/discord_desktop_core-1.zip: 73%
2024-06-09T08:38:27.420Z [Modules] Streaming discord_desktop_core@1 to /home/harrek/.config/discord/0.0.54/modules/pending/discord_desktop_core-1.zip: 76%
2024-06-09T08:38:27.424Z [Modules] Streaming discord_desktop_core@1 to /home/harrek/.config/discord/0.0.54/modules/pending/discord_desktop_core-1.zip: 78%
2024-06-09T08:38:27.427Z [Modules] Streaming discord_desktop_core@1 to /home/harrek/.config/discord/0.0.54/modules/pending/discord_desktop_core-1.zip: 79%
2024-06-09T08:38:27.433Z [Modules] Streaming discord_desktop_core@1 to /home/harrek/.config/discord/0.0.54/modules/pending/discord_desktop_core-1.zip: 80%
2024-06-09T08:38:27.437Z [Modules] Streaming discord_desktop_core@1 to /home/harrek/.config/discord/0.0.54/modules/pending/discord_desktop_core-1.zip: 81%
2024-06-09T08:38:27.440Z [Modules] Streaming discord_desktop_core@1 to /home/harrek/.config/discord/0.0.54/modules/pending/discord_desktop_core-1.zip: 82%
2024-06-09T08:38:27.443Z [Modules] Streaming discord_desktop_core@1 to /home/harrek/.config/discord/0.0.54/modules/pending/discord_desktop_core-1.zip: 83%
2024-06-09T08:38:27.562Z [Modules] Streaming discord_desktop_core@1 to /home/harrek/.config/discord/0.0.54/modules/pending/discord_desktop_core-1.zip: 86%
2024-06-09T08:38:27.564Z [Modules] Streaming discord_desktop_core@1 to /home/harrek/.config/discord/0.0.54/modules/pending/discord_desktop_core-1.zip: 89%
2024-06-09T08:38:27.567Z [Modules] Streaming discord_desktop_core@1 to /home/harrek/.config/discord/0.0.54/modules/pending/discord_desktop_core-1.zip: 91%
2024-06-09T08:38:27.572Z [Modules] Streaming discord_desktop_core@1 to /home/harrek/.config/discord/0.0.54/modules/pending/discord_desktop_core-1.zip: 92%
2024-06-09T08:38:27.575Z [Modules] Streaming discord_desktop_core@1 to /home/harrek/.config/discord/0.0.54/modules/pending/discord_desktop_core-1.zip: 93%
2024-06-09T08:38:27.578Z [Modules] Streaming discord_desktop_core@1 to /home/harrek/.config/discord/0.0.54/modules/pending/discord_desktop_core-1.zip: 94%
2024-06-09T08:38:27.581Z [Modules] Streaming discord_desktop_core@1 to /home/harrek/.config/discord/0.0.54/modules/pending/discord_desktop_core-1.zip: 95%
2024-06-09T08:38:27.584Z [Modules] Streaming discord_desktop_core@1 to /home/harrek/.config/discord/0.0.54/modules/pending/discord_desktop_core-1.zip: 96%
2024-06-09T08:38:27.643Z [Modules] Streaming discord_desktop_core@1 to /home/harrek/.config/discord/0.0.54/modules/pending/discord_desktop_core-1.zip: 99%
2024-06-09T08:38:27.645Z [Modules] Streaming discord_desktop_core@1 to /home/harrek/.config/discord/0.0.54/modules/pending/discord_desktop_core-1.zip: 100%
2024-06-09T08:38:27.648Z [Modules] Fetching discord_erlpack@1 from https://discord.com/api/modules/stable/discord_erlpack/1
2024-06-09T08:38:27.648Z [Modules] Streaming discord_erlpack@1 to /home/harrek/.config/discord/0.0.54/modules/pending/discord_erlpack-1.zip
2024-06-09T08:38:28.672Z [Modules] Streaming discord_erlpack@1 to /home/harrek/.config/discord/0.0.54/modules/pending/discord_erlpack-1.zip: 3%
2024-06-09T08:38:28.790Z [Modules] Streaming discord_erlpack@1 to /home/harrek/.config/discord/0.0.54/modules/pending/discord_erlpack-1.zip: 6%
2024-06-09T08:38:28.791Z [Modules] Streaming discord_erlpack@1 to /home/harrek/.config/discord/0.0.54/modules/pending/discord_erlpack-1.zip: 9%
2024-06-09T08:38:28.792Z [Modules] Streaming discord_erlpack@1 to /home/harrek/.config/discord/0.0.54/modules/pending/discord_erlpack-1.zip: 10%
2024-06-09T08:38:28.796Z [Modules] Streaming discord_erlpack@1 to /home/harrek/.config/discord/0.0.54/modules/pending/discord_erlpack-1.zip: 11%
2024-06-09T08:38:28.798Z [Modules] Streaming discord_erlpack@1 to /home/harrek/.config/discord/0.0.54/modules/pending/discord_erlpack-1.zip: 12%
2024-06-09T08:38:28.799Z [Modules] Streaming discord_erlpack@1 to /home/harrek/.config/discord/0.0.54/modules/pending/discord_erlpack-1.zip: 13%
2024-06-09T08:38:28.803Z [Modules] Streaming discord_erlpack@1 to /home/harrek/.config/discord/0.0.54/modules/pending/discord_erlpack-1.zip: 14%
2024-06-09T08:38:28.805Z [Modules] Streaming discord_erlpack@1 to /home/harrek/.config/discord/0.0.54/modules/pending/discord_erlpack-1.zip: 16%
2024-06-09T08:38:28.809Z [Modules] Streaming discord_erlpack@1 to /home/harrek/.config/discord/0.0.54/modules/pending/discord_erlpack-1.zip: 17%
2024-06-09T08:38:28.811Z [Modules] Streaming discord_erlpack@1 to /home/harrek/.config/discord/0.0.54/modules/pending/discord_erlpack-1.zip: 18%
2024-06-09T08:38:28.814Z [Modules] Streaming discord_erlpack@1 to /home/harrek/.config/discord/0.0.54/modules/pending/discord_erlpack-1.zip: 20%
2024-06-09T08:38:28.816Z [Modules] Streaming discord_erlpack@1 to /home/harrek/.config/discord/0.0.54/modules/pending/discord_erlpack-1.zip: 21%
2024-06-09T08:38:28.821Z [Modules] Streaming discord_erlpack@1 to /home/harrek/.config/discord/0.0.54/modules/pending/discord_erlpack-1.zip: 23%
2024-06-09T08:38:28.823Z [Modules] Streaming discord_erlpack@1 to /home/harrek/.config/discord/0.0.54/modules/pending/discord_erlpack-1.zip: 25%
2024-06-09T08:38:28.827Z [Modules] Streaming discord_erlpack@1 to /home/harrek/.config/discord/0.0.54/modules/pending/discord_erlpack-1.zip: 27%
2024-06-09T08:38:28.830Z [Modules] Streaming discord_erlpack@1 to /home/harrek/.config/discord/0.0.54/modules/pending/discord_erlpack-1.zip: 28%
2024-06-09T08:38:28.834Z [Modules] Streaming discord_erlpack@1 to /home/harrek/.config/discord/0.0.54/modules/pending/discord_erlpack-1.zip: 31%
2024-06-09T08:38:28.837Z [Modules] Streaming discord_erlpack@1 to /home/harrek/.config/discord/0.0.54/modules/pending/discord_erlpack-1.zip: 32%
2024-06-09T08:38:28.840Z [Modules] Streaming discord_erlpack@1 to /home/harrek/.config/discord/0.0.54/modules/pending/discord_erlpack-1.zip: 34%
2024-06-09T08:38:28.844Z [Modules] Streaming discord_erlpack@1 to /home/harrek/.config/discord/0.0.54/modules/pending/discord_erlpack-1.zip: 36%
2024-06-09T08:38:28.847Z [Modules] Streaming discord_erlpack@1 to /home/harrek/.config/discord/0.0.54/modules/pending/discord_erlpack-1.zip: 40%
2024-06-09T08:38:28.850Z [Modules] Streaming discord_erlpack@1 to /home/harrek/.config/discord/0.0.54/modules/pending/discord_erlpack-1.zip: 41%
2024-06-09T08:38:28.853Z [Modules] Streaming discord_erlpack@1 to /home/harrek/.config/discord/0.0.54/modules/pending/discord_erlpack-1.zip: 43%
2024-06-09T08:38:28.856Z [Modules] Streaming discord_erlpack@1 to /home/harrek/.config/discord/0.0.54/modules/pending/discord_erlpack-1.zip: 45%
2024-06-09T08:38:28.858Z [Modules] Streaming discord_erlpack@1 to /home/harrek/.config/discord/0.0.54/modules/pending/discord_erlpack-1.zip: 47%
2024-06-09T08:38:28.862Z [Modules] Streaming discord_erlpack@1 to /home/harrek/.config/discord/0.0.54/modules/pending/discord_erlpack-1.zip: 49%
2024-06-09T08:38:28.864Z [Modules] Streaming discord_erlpack@1 to /home/harrek/.config/discord/0.0.54/modules/pending/discord_erlpack-1.zip: 51%
2024-06-09T08:38:28.869Z [Modules] Streaming discord_erlpack@1 to /home/harrek/.config/discord/0.0.54/modules/pending/discord_erlpack-1.zip: 53%
2024-06-09T08:38:28.870Z [Modules] Streaming discord_erlpack@1 to /home/harrek/.config/discord/0.0.54/modules/pending/discord_erlpack-1.zip: 54%
2024-06-09T08:38:28.989Z [Modules] Streaming discord_erlpack@1 to /home/harrek/.config/discord/0.0.54/modules/pending/discord_erlpack-1.zip: 55%
2024-06-09T08:38:28.990Z [Modules] Streaming discord_erlpack@1 to /home/harrek/.config/discord/0.0.54/modules/pending/discord_erlpack-1.zip: 58%
2024-06-09T08:38:28.994Z [Modules] Streaming discord_erlpack@1 to /home/harrek/.config/discord/0.0.54/modules/pending/discord_erlpack-1.zip: 59%
2024-06-09T08:38:28.995Z [Modules] Streaming discord_erlpack@1 to /home/harrek/.config/discord/0.0.54/modules/pending/discord_erlpack-1.zip: 63%
2024-06-09T08:38:28.998Z [Modules] Streaming discord_erlpack@1 to /home/harrek/.config/discord/0.0.54/modules/pending/discord_erlpack-1.zip: 66%
2024-06-09T08:38:29.001Z [Modules] Streaming discord_erlpack@1 to /home/harrek/.config/discord/0.0.54/modules/pending/discord_erlpack-1.zip: 68%
2024-06-09T08:38:29.004Z [Modules] Streaming discord_erlpack@1 to /home/harrek/.config/discord/0.0.54/modules/pending/discord_erlpack-1.zip: 69%
2024-06-09T08:38:29.008Z [Modules] Streaming discord_erlpack@1 to /home/harrek/.config/discord/0.0.54/modules/pending/discord_erlpack-1.zip: 72%
2024-06-09T08:38:29.010Z [Modules] Streaming discord_erlpack@1 to /home/harrek/.config/discord/0.0.54/modules/pending/discord_erlpack-1.zip: 74%
2024-06-09T08:38:29.014Z [Modules] Streaming discord_erlpack@1 to /home/harrek/.config/discord/0.0.54/modules/pending/discord_erlpack-1.zip: 76%
2024-06-09T08:38:29.016Z [Modules] Streaming discord_erlpack@1 to /home/harrek/.config/discord/0.0.54/modules/pending/discord_erlpack-1.zip: 78%
2024-06-09T08:38:29.019Z [Modules] Streaming discord_erlpack@1 to /home/harrek/.config/discord/0.0.54/modules/pending/discord_erlpack-1.zip: 79%
2024-06-09T08:38:29.021Z [Modules] Streaming discord_erlpack@1 to /home/harrek/.config/discord/0.0.54/modules/pending/discord_erlpack-1.zip: 80%
2024-06-09T08:38:29.022Z [Modules] Streaming discord_erlpack@1 to /home/harrek/.config/discord/0.0.54/modules/pending/discord_erlpack-1.zip: 84%
2024-06-09T08:38:29.026Z [Modules] Streaming discord_erlpack@1 to /home/harrek/.config/discord/0.0.54/modules/pending/discord_erlpack-1.zip: 86%
2024-06-09T08:38:29.029Z [Modules] Streaming discord_erlpack@1 to /home/harrek/.config/discord/0.0.54/modules/pending/discord_erlpack-1.zip: 89%
2024-06-09T08:38:29.033Z [Modules] Streaming discord_erlpack@1 to /home/harrek/.config/discord/0.0.54/modules/pending/discord_erlpack-1.zip: 92%
2024-06-09T08:38:29.035Z [Modules] Streaming discord_erlpack@1 to /home/harrek/.config/discord/0.0.54/modules/pending/discord_erlpack-1.zip: 93%
2024-06-09T08:38:29.036Z [Modules] Streaming discord_erlpack@1 to /home/harrek/.config/discord/0.0.54/modules/pending/discord_erlpack-1.zip: 96%
2024-06-09T08:38:29.039Z [Modules] Streaming discord_erlpack@1 to /home/harrek/.config/discord/0.0.54/modules/pending/discord_erlpack-1.zip: 100%
2024-06-09T08:38:29.041Z [Modules] Fetching discord_spellcheck@1 from https://discord.com/api/modules/stable/discord_spellcheck/1
2024-06-09T08:38:29.041Z [Modules] Streaming discord_spellcheck@1 to /home/harrek/.config/discord/0.0.54/modules/pending/discord_spellcheck-1.zip
2024-06-09T08:38:30.002Z [Modules] Streaming discord_spellcheck@1 to /home/harrek/.config/discord/0.0.54/modules/pending/discord_spellcheck-1.zip: 1%
2024-06-09T08:38:30.007Z [Modules] Streaming discord_spellcheck@1 to /home/harrek/.config/discord/0.0.54/modules/pending/discord_spellcheck-1.zip: 2%
2024-06-09T08:38:30.011Z [Modules] Streaming discord_spellcheck@1 to /home/harrek/.config/discord/0.0.54/modules/pending/discord_spellcheck-1.zip: 3%
2024-06-09T08:38:30.013Z [Modules] Streaming discord_spellcheck@1 to /home/harrek/.config/discord/0.0.54/modules/pending/discord_spellcheck-1.zip: 4%
2024-06-09T08:38:30.022Z [Modules] Streaming discord_spellcheck@1 to /home/harrek/.config/discord/0.0.54/modules/pending/discord_spellcheck-1.zip: 5%
2024-06-09T08:38:30.026Z [Modules] Streaming discord_spellcheck@1 to /home/harrek/.config/discord/0.0.54/modules/pending/discord_spellcheck-1.zip: 6%
2024-06-09T08:38:30.029Z [Modules] Streaming discord_spellcheck@1 to /home/harrek/.config/discord/0.0.54/modules/pending/discord_spellcheck-1.zip: 7%
2024-06-09T08:38:30.038Z [Modules] Streaming discord_spellcheck@1 to /home/harrek/.config/discord/0.0.54/modules/pending/discord_spellcheck-1.zip: 8%
2024-06-09T08:38:30.042Z [Modules] Streaming discord_spellcheck@1 to /home/harrek/.config/discord/0.0.54/modules/pending/discord_spellcheck-1.zip: 9%
2024-06-09T08:38:30.048Z [Modules] Streaming discord_spellcheck@1 to /home/harrek/.config/discord/0.0.54/modules/pending/discord_spellcheck-1.zip: 10%
2024-06-09T08:38:30.053Z [Modules] Streaming discord_spellcheck@1 to /home/harrek/.config/discord/0.0.54/modules/pending/discord_spellcheck-1.zip: 11%
2024-06-09T08:38:30.059Z [Modules] Streaming discord_spellcheck@1 to /home/harrek/.config/discord/0.0.54/modules/pending/discord_spellcheck-1.zip: 12%
2024-06-09T08:38:30.068Z [Modules] Streaming discord_spellcheck@1 to /home/harrek/.config/discord/0.0.54/modules/pending/discord_spellcheck-1.zip: 13%
2024-06-09T08:38:30.076Z [Modules] Streaming discord_spellcheck@1 to /home/harrek/.config/discord/0.0.54/modules/pending/discord_spellcheck-1.zip: 14%
2024-06-09T08:38:30.081Z [Modules] Streaming discord_spellcheck@1 to /home/harrek/.config/discord/0.0.54/modules/pending/discord_spellcheck-1.zip: 15%
2024-06-09T08:38:30.084Z [Modules] Streaming discord_spellcheck@1 to /home/harrek/.config/discord/0.0.54/modules/pending/discord_spellcheck-1.zip: 16%
2024-06-09T08:38:30.094Z [Modules] Streaming discord_spellcheck@1 to /home/harrek/.config/discord/0.0.54/modules/pending/discord_spellcheck-1.zip: 17%
2024-06-09T08:38:30.097Z [Modules] Streaming discord_spellcheck@1 to /home/harrek/.config/discord/0.0.54/modules/pending/discord_spellcheck-1.zip: 18%
2024-06-09T08:38:30.130Z [Modules] Streaming discord_spellcheck@1 to /home/harrek/.config/discord/0.0.54/modules/pending/discord_spellcheck-1.zip: 19%
2024-06-09T08:38:30.133Z [Modules] Streaming discord_spellcheck@1 to /home/harrek/.config/discord/0.0.54/modules/pending/discord_spellcheck-1.zip: 20%
2024-06-09T08:38:30.146Z [Modules] Streaming discord_spellcheck@1 to /home/harrek/.config/discord/0.0.54/modules/pending/discord_spellcheck-1.zip: 21%
2024-06-09T08:38:30.148Z [Modules] Streaming discord_spellcheck@1 to /home/harrek/.config/discord/0.0.54/modules/pending/discord_spellcheck-1.zip: 22%
2024-06-09T08:38:30.152Z [Modules] Streaming discord_spellcheck@1 to /home/harrek/.config/discord/0.0.54/modules/pending/discord_spellcheck-1.zip: 23%
2024-06-09T08:38:30.182Z [Modules] Streaming discord_spellcheck@1 to /home/harrek/.config/discord/0.0.54/modules/pending/discord_spellcheck-1.zip: 24%
2024-06-09T08:38:30.188Z [Modules] Streaming discord_spellcheck@1 to /home/harrek/.config/discord/0.0.54/modules/pending/discord_spellcheck-1.zip: 25%
2024-06-09T08:38:30.192Z [Modules] Streaming discord_spellcheck@1 to /home/harrek/.config/discord/0.0.54/modules/pending/discord_spellcheck-1.zip: 26%
2024-06-09T08:38:30.199Z [Modules] Streaming discord_spellcheck@1 to /home/harrek/.config/discord/0.0.54/modules/pending/discord_spellcheck-1.zip: 27%
2024-06-09T08:38:30.205Z [Modules] Streaming discord_spellcheck@1 to /home/harrek/.config/discord/0.0.54/modules/pending/discord_spellcheck-1.zip: 28%
2024-06-09T08:38:30.228Z [Modules] Streaming discord_spellcheck@1 to /home/harrek/.config/discord/0.0.54/modules/pending/discord_spellcheck-1.zip: 29%
2024-06-09T08:38:30.234Z [Modules] Streaming discord_spellcheck@1 to /home/harrek/.config/discord/0.0.54/modules/pending/discord_spellcheck-1.zip: 30%
2024-06-09T08:38:30.239Z [Modules] Streaming discord_spellcheck@1 to /home/harrek/.config/discord/0.0.54/modules/pending/discord_spellcheck-1.zip: 31%
2024-06-09T08:38:30.243Z [Modules] Streaming discord_spellcheck@1 to /home/harrek/.config/discord/0.0.54/modules/pending/discord_spellcheck-1.zip: 32%
2024-06-09T08:38:30.248Z [Modules] Streaming discord_spellcheck@1 to /home/harrek/.config/discord/0.0.54/modules/pending/discord_spellcheck-1.zip: 33%
2024-06-09T08:38:30.255Z [Modules] Streaming discord_spellcheck@1 to /home/harrek/.config/discord/0.0.54/modules/pending/discord_spellcheck-1.zip: 34%
2024-06-09T08:38:30.259Z [Modules] Streaming discord_spellcheck@1 to /home/harrek/.config/discord/0.0.54/modules/pending/discord_spellcheck-1.zip: 35%
2024-06-09T08:38:30.264Z [Modules] Streaming discord_spellcheck@1 to /home/harrek/.config/discord/0.0.54/modules/pending/discord_spellcheck-1.zip: 36%
2024-06-09T08:38:30.268Z [Modules] Streaming discord_spellcheck@1 to /home/harrek/.config/discord/0.0.54/modules/pending/discord_spellcheck-1.zip: 37%
2024-06-09T08:38:30.275Z [Modules] Streaming discord_spellcheck@1 to /home/harrek/.config/discord/0.0.54/modules/pending/discord_spellcheck-1.zip: 38%
2024-06-09T08:38:30.278Z [Modules] Streaming discord_spellcheck@1 to /home/harrek/.config/discord/0.0.54/modules/pending/discord_spellcheck-1.zip: 39%
2024-06-09T08:38:30.283Z [Modules] Streaming discord_spellcheck@1 to /home/harrek/.config/discord/0.0.54/modules/pending/discord_spellcheck-1.zip: 40%
2024-06-09T08:38:30.289Z [Modules] Streaming discord_spellcheck@1 to /home/harrek/.config/discord/0.0.54/modules/pending/discord_spellcheck-1.zip: 41%
2024-06-09T08:38:30.294Z [Modules] Streaming discord_spellcheck@1 to /home/harrek/.config/discord/0.0.54/modules/pending/discord_spellcheck-1.zip: 42%
2024-06-09T08:38:30.297Z [Modules] Streaming discord_spellcheck@1 to /home/harrek/.config/discord/0.0.54/modules/pending/discord_spellcheck-1.zip: 43%
2024-06-09T08:38:30.301Z [Modules] Streaming discord_spellcheck@1 to /home/harrek/.config/discord/0.0.54/modules/pending/discord_spellcheck-1.zip: 44%
2024-06-09T08:38:30.306Z [Modules] Streaming discord_spellcheck@1 to /home/harrek/.config/discord/0.0.54/modules/pending/discord_spellcheck-1.zip: 45%
2024-06-09T08:38:30.334Z [Modules] Streaming discord_spellcheck@1 to /home/harrek/.config/discord/0.0.54/modules/pending/discord_spellcheck-1.zip: 46%
2024-06-09T08:38:30.346Z [Modules] Streaming discord_spellcheck@1 to /home/harrek/.config/discord/0.0.54/modules/pending/discord_spellcheck-1.zip: 47%
2024-06-09T08:38:30.349Z [Modules] Streaming discord_spellcheck@1 to /home/harrek/.config/discord/0.0.54/modules/pending/discord_spellcheck-1.zip: 48%
2024-06-09T08:38:30.355Z [Modules] Streaming discord_spellcheck@1 to /home/harrek/.config/discord/0.0.54/modules/pending/discord_spellcheck-1.zip: 49%
2024-06-09T08:38:30.358Z [Modules] Streaming discord_spellcheck@1 to /home/harrek/.config/discord/0.0.54/modules/pending/discord_spellcheck-1.zip: 50%
2024-06-09T08:38:30.362Z [Modules] Streaming discord_spellcheck@1 to /home/harrek/.config/discord/0.0.54/modules/pending/discord_spellcheck-1.zip: 51%
2024-06-09T08:38:30.391Z [Modules] Streaming discord_spellcheck@1 to /home/harrek/.config/discord/0.0.54/modules/pending/discord_spellcheck-1.zip: 52%
2024-06-09T08:38:30.395Z [Modules] Streaming discord_spellcheck@1 to /home/harrek/.config/discord/0.0.54/modules/pending/discord_spellcheck-1.zip: 53%
2024-06-09T08:38:30.398Z [Modules] Streaming discord_spellcheck@1 to /home/harrek/.config/discord/0.0.54/modules/pending/discord_spellcheck-1.zip: 54%
2024-06-09T08:38:30.403Z [Modules] Streaming discord_spellcheck@1 to /home/harrek/.config/discord/0.0.54/modules/pending/discord_spellcheck-1.zip: 55%
2024-06-09T08:38:30.409Z [Modules] Streaming discord_spellcheck@1 to /home/harrek/.config/discord/0.0.54/modules/pending/discord_spellcheck-1.zip: 56%
2024-06-09T08:38:30.413Z [Modules] Streaming discord_spellcheck@1 to /home/harrek/.config/discord/0.0.54/modules/pending/discord_spellcheck-1.zip: 57%
2024-06-09T08:38:30.418Z [Modules] Streaming discord_spellcheck@1 to /home/harrek/.config/discord/0.0.54/modules/pending/discord_spellcheck-1.zip: 58%
2024-06-09T08:38:30.426Z [Modules] Streaming discord_spellcheck@1 to /home/harrek/.config/discord/0.0.54/modules/pending/discord_spellcheck-1.zip: 59%
2024-06-09T08:38:30.430Z [Modules] Streaming discord_spellcheck@1 to /home/harrek/.config/discord/0.0.54/modules/pending/discord_spellcheck-1.zip: 60%
2024-06-09T08:38:30.433Z [Modules] Streaming discord_spellcheck@1 to /home/harrek/.config/discord/0.0.54/modules/pending/discord_spellcheck-1.zip: 61%
2024-06-09T08:38:30.437Z [Modules] Streaming discord_spellcheck@1 to /home/harrek/.config/discord/0.0.54/modules/pending/discord_spellcheck-1.zip: 62%
2024-06-09T08:38:30.440Z [Modules] Streaming discord_spellcheck@1 to /home/harrek/.config/discord/0.0.54/modules/pending/discord_spellcheck-1.zip: 63%
2024-06-09T08:38:30.442Z [Modules] Streaming discord_spellcheck@1 to /home/harrek/.config/discord/0.0.54/modules/pending/discord_spellcheck-1.zip: 64%
2024-06-09T08:38:30.449Z [Modules] Streaming discord_spellcheck@1 to /home/harrek/.config/discord/0.0.54/modules/pending/discord_spellcheck-1.zip: 65%
2024-06-09T08:38:30.453Z [Modules] Streaming discord_spellcheck@1 to /home/harrek/.config/discord/0.0.54/modules/pending/discord_spellcheck-1.zip: 66%
2024-06-09T08:38:30.455Z [Modules] Streaming discord_spellcheck@1 to /home/harrek/.config/discord/0.0.54/modules/pending/discord_spellcheck-1.zip: 67%
2024-06-09T08:38:30.459Z [Modules] Streaming discord_spellcheck@1 to /home/harrek/.config/discord/0.0.54/modules/pending/discord_spellcheck-1.zip: 68%
2024-06-09T08:38:30.463Z [Modules] Streaming discord_spellcheck@1 to /home/harrek/.config/discord/0.0.54/modules/pending/discord_spellcheck-1.zip: 69%
2024-06-09T08:38:30.466Z [Modules] Streaming discord_spellcheck@1 to /home/harrek/.config/discord/0.0.54/modules/pending/discord_spellcheck-1.zip: 70%
2024-06-09T08:38:30.473Z [Modules] Streaming discord_spellcheck@1 to /home/harrek/.config/discord/0.0.54/modules/pending/discord_spellcheck-1.zip: 71%
2024-06-09T08:38:30.475Z [Modules] Streaming discord_spellcheck@1 to /home/harrek/.config/discord/0.0.54/modules/pending/discord_spellcheck-1.zip: 72%
2024-06-09T08:38:30.480Z [Modules] Streaming discord_spellcheck@1 to /home/harrek/.config/discord/0.0.54/modules/pending/discord_spellcheck-1.zip: 73%
2024-06-09T08:38:30.483Z [Modules] Streaming discord_spellcheck@1 to /home/harrek/.config/discord/0.0.54/modules/pending/discord_spellcheck-1.zip: 74%
2024-06-09T08:38:30.488Z [Modules] Streaming discord_spellcheck@1 to /home/harrek/.config/discord/0.0.54/modules/pending/discord_spellcheck-1.zip: 75%
2024-06-09T08:38:30.492Z [Modules] Streaming discord_spellcheck@1 to /home/harrek/.config/discord/0.0.54/modules/pending/discord_spellcheck-1.zip: 76%
2024-06-09T08:38:30.495Z [Modules] Streaming discord_spellcheck@1 to /home/harrek/.config/discord/0.0.54/modules/pending/discord_spellcheck-1.zip: 77%
2024-06-09T08:38:30.499Z [Modules] Streaming discord_spellcheck@1 to /home/harrek/.config/discord/0.0.54/modules/pending/discord_spellcheck-1.zip: 78%
2024-06-09T08:38:30.504Z [Modules] Streaming discord_spellcheck@1 to /home/harrek/.config/discord/0.0.54/modules/pending/discord_spellcheck-1.zip: 79%
2024-06-09T08:38:30.507Z [Modules] Streaming discord_spellcheck@1 to /home/harrek/.config/discord/0.0.54/modules/pending/discord_spellcheck-1.zip: 80%
2024-06-09T08:38:30.511Z [Modules] Streaming discord_spellcheck@1 to /home/harrek/.config/discord/0.0.54/modules/pending/discord_spellcheck-1.zip: 81%
2024-06-09T08:38:30.541Z [Modules] Streaming discord_spellcheck@1 to /home/harrek/.config/discord/0.0.54/modules/pending/discord_spellcheck-1.zip: 82%
2024-06-09T08:38:30.544Z [Modules] Streaming discord_spellcheck@1 to /home/harrek/.config/discord/0.0.54/modules/pending/discord_spellcheck-1.zip: 83%
2024-06-09T08:38:30.547Z [Modules] Streaming discord_spellcheck@1 to /home/harrek/.config/discord/0.0.54/modules/pending/discord_spellcheck-1.zip: 84%
2024-06-09T08:38:30.550Z [Modules] Streaming discord_spellcheck@1 to /home/harrek/.config/discord/0.0.54/modules/pending/discord_spellcheck-1.zip: 85%
2024-06-09T08:38:30.553Z [Modules] Streaming discord_spellcheck@1 to /home/harrek/.config/discord/0.0.54/modules/pending/discord_spellcheck-1.zip: 86%
2024-06-09T08:38:30.560Z [Modules] Streaming discord_spellcheck@1 to /home/harrek/.config/discord/0.0.54/modules/pending/discord_spellcheck-1.zip: 87%
2024-06-09T08:38:30.563Z [Modules] Streaming discord_spellcheck@1 to /home/harrek/.config/discord/0.0.54/modules/pending/discord_spellcheck-1.zip: 88%
2024-06-09T08:38:30.592Z [Modules] Streaming discord_spellcheck@1 to /home/harrek/.config/discord/0.0.54/modules/pending/discord_spellcheck-1.zip: 89%
2024-06-09T08:38:30.595Z [Modules] Streaming discord_spellcheck@1 to /home/harrek/.config/discord/0.0.54/modules/pending/discord_spellcheck-1.zip: 90%
2024-06-09T08:38:30.598Z [Modules] Streaming discord_spellcheck@1 to /home/harrek/.config/discord/0.0.54/modules/pending/discord_spellcheck-1.zip: 91%
2024-06-09T08:38:30.600Z [Modules] Streaming discord_spellcheck@1 to /home/harrek/.config/discord/0.0.54/modules/pending/discord_spellcheck-1.zip: 92%
2024-06-09T08:38:30.604Z [Modules] Streaming discord_spellcheck@1 to /home/harrek/.config/discord/0.0.54/modules/pending/discord_spellcheck-1.zip: 93%
2024-06-09T08:38:30.610Z [Modules] Streaming discord_spellcheck@1 to /home/harrek/.config/discord/0.0.54/modules/pending/discord_spellcheck-1.zip: 94%
2024-06-09T08:38:30.678Z [Modules] Streaming discord_spellcheck@1 to /home/harrek/.config/discord/0.0.54/modules/pending/discord_spellcheck-1.zip: 95%
2024-06-09T08:38:30.683Z [Modules] Streaming discord_spellcheck@1 to /home/harrek/.config/discord/0.0.54/modules/pending/discord_spellcheck-1.zip: 96%
2024-06-09T08:38:30.687Z [Modules] Streaming discord_spellcheck@1 to /home/harrek/.config/discord/0.0.54/modules/pending/discord_spellcheck-1.zip: 97%
2024-06-09T08:38:30.688Z [Modules] Streaming discord_spellcheck@1 to /home/harrek/.config/discord/0.0.54/modules/pending/discord_spellcheck-1.zip: 98%
2024-06-09T08:38:30.695Z [Modules] Streaming discord_spellcheck@1 to /home/harrek/.config/discord/0.0.54/modules/pending/discord_spellcheck-1.zip: 99%
2024-06-09T08:38:30.696Z [Modules] Streaming discord_spellcheck@1 to /home/harrek/.config/discord/0.0.54/modules/pending/discord_spellcheck-1.zip: 100%
2024-06-09T08:38:30.698Z [Modules] Fetching discord_utils@1 from https://discord.com/api/modules/stable/discord_utils/1
2024-06-09T08:38:30.698Z [Modules] Streaming discord_utils@1 to /home/harrek/.config/discord/0.0.54/modules/pending/discord_utils-1.zip
2024-06-09T08:38:31.252Z [Modules] Streaming discord_utils@1 to /home/harrek/.config/discord/0.0.54/modules/pending/discord_utils-1.zip: 1%
2024-06-09T08:38:31.253Z [Modules] Streaming discord_utils@1 to /home/harrek/.config/discord/0.0.54/modules/pending/discord_utils-1.zip: 3%
2024-06-09T08:38:31.257Z [Modules] Streaming discord_utils@1 to /home/harrek/.config/discord/0.0.54/modules/pending/discord_utils-1.zip: 4%
2024-06-09T08:38:31.259Z [Modules] Streaming discord_utils@1 to /home/harrek/.config/discord/0.0.54/modules/pending/discord_utils-1.zip: 6%
2024-06-09T08:38:31.262Z [Modules] Streaming discord_utils@1 to /home/harrek/.config/discord/0.0.54/modules/pending/discord_utils-1.zip: 8%
2024-06-09T08:38:31.262Z [Modules] Streaming discord_utils@1 to /home/harrek/.config/discord/0.0.54/modules/pending/discord_utils-1.zip: 9%
2024-06-09T08:38:31.264Z [Modules] Streaming discord_utils@1 to /home/harrek/.config/discord/0.0.54/modules/pending/discord_utils-1.zip: 11%
2024-06-09T08:38:31.267Z [Modules] Streaming discord_utils@1 to /home/harrek/.config/discord/0.0.54/modules/pending/discord_utils-1.zip: 13%
2024-06-09T08:38:31.270Z [Modules] Streaming discord_utils@1 to /home/harrek/.config/discord/0.0.54/modules/pending/discord_utils-1.zip: 15%
2024-06-09T08:38:31.271Z [Modules] Streaming discord_utils@1 to /home/harrek/.config/discord/0.0.54/modules/pending/discord_utils-1.zip: 17%
2024-06-09T08:38:31.274Z [Modules] Streaming discord_utils@1 to /home/harrek/.config/discord/0.0.54/modules/pending/discord_utils-1.zip: 19%
2024-06-09T08:38:31.276Z [Modules] Streaming discord_utils@1 to /home/harrek/.config/discord/0.0.54/modules/pending/discord_utils-1.zip: 21%
2024-06-09T08:38:31.280Z [Modules] Streaming discord_utils@1 to /home/harrek/.config/discord/0.0.54/modules/pending/discord_utils-1.zip: 22%
2024-06-09T08:38:31.281Z [Modules] Streaming discord_utils@1 to /home/harrek/.config/discord/0.0.54/modules/pending/discord_utils-1.zip: 24%
2024-06-09T08:38:31.284Z [Modules] Streaming discord_utils@1 to /home/harrek/.config/discord/0.0.54/modules/pending/discord_utils-1.zip: 26%
2024-06-09T08:38:31.285Z [Modules] Streaming discord_utils@1 to /home/harrek/.config/discord/0.0.54/modules/pending/discord_utils-1.zip: 27%
2024-06-09T08:38:31.287Z [Modules] Streaming discord_utils@1 to /home/harrek/.config/discord/0.0.54/modules/pending/discord_utils-1.zip: 29%
2024-06-09T08:38:31.290Z [Modules] Streaming discord_utils@1 to /home/harrek/.config/discord/0.0.54/modules/pending/discord_utils-1.zip: 30%
2024-06-09T08:38:31.291Z [Modules] Streaming discord_utils@1 to /home/harrek/.config/discord/0.0.54/modules/pending/discord_utils-1.zip: 32%
2024-06-09T08:38:31.293Z [Modules] Streaming discord_utils@1 to /home/harrek/.config/discord/0.0.54/modules/pending/discord_utils-1.zip: 34%
2024-06-09T08:38:31.296Z [Modules] Streaming discord_utils@1 to /home/harrek/.config/discord/0.0.54/modules/pending/discord_utils-1.zip: 36%
2024-06-09T08:38:31.299Z [Modules] Streaming discord_utils@1 to /home/harrek/.config/discord/0.0.54/modules/pending/discord_utils-1.zip: 38%
2024-06-09T08:38:31.303Z [Modules] Streaming discord_utils@1 to /home/harrek/.config/discord/0.0.54/modules/pending/discord_utils-1.zip: 41%
2024-06-09T08:38:31.306Z [Modules] Streaming discord_utils@1 to /home/harrek/.config/discord/0.0.54/modules/pending/discord_utils-1.zip: 43%
2024-06-09T08:38:31.307Z [Modules] Streaming discord_utils@1 to /home/harrek/.config/discord/0.0.54/modules/pending/discord_utils-1.zip: 44%
2024-06-09T08:38:31.309Z [Modules] Streaming discord_utils@1 to /home/harrek/.config/discord/0.0.54/modules/pending/discord_utils-1.zip: 46%
2024-06-09T08:38:31.309Z [Modules] Streaming discord_utils@1 to /home/harrek/.config/discord/0.0.54/modules/pending/discord_utils-1.zip: 47%
2024-06-09T08:38:31.311Z [Modules] Streaming discord_utils@1 to /home/harrek/.config/discord/0.0.54/modules/pending/discord_utils-1.zip: 49%
2024-06-09T08:38:31.314Z [Modules] Streaming discord_utils@1 to /home/harrek/.config/discord/0.0.54/modules/pending/discord_utils-1.zip: 51%
2024-06-09T08:38:31.317Z [Modules] Streaming discord_utils@1 to /home/harrek/.config/discord/0.0.54/modules/pending/discord_utils-1.zip: 52%
2024-06-09T08:38:31.318Z [Modules] Streaming discord_utils@1 to /home/harrek/.config/discord/0.0.54/modules/pending/discord_utils-1.zip: 55%
2024-06-09T08:38:31.322Z [Modules] Streaming discord_utils@1 to /home/harrek/.config/discord/0.0.54/modules/pending/discord_utils-1.zip: 56%
2024-06-09T08:38:31.323Z [Modules] Streaming discord_utils@1 to /home/harrek/.config/discord/0.0.54/modules/pending/discord_utils-1.zip: 58%
2024-06-09T08:38:31.325Z [Modules] Streaming discord_utils@1 to /home/harrek/.config/discord/0.0.54/modules/pending/discord_utils-1.zip: 60%
2024-06-09T08:38:31.329Z [Modules] Streaming discord_utils@1 to /home/harrek/.config/discord/0.0.54/modules/pending/discord_utils-1.zip: 62%
2024-06-09T08:38:31.330Z [Modules] Streaming discord_utils@1 to /home/harrek/.config/discord/0.0.54/modules/pending/discord_utils-1.zip: 63%
2024-06-09T08:38:31.333Z [Modules] Streaming discord_utils@1 to /home/harrek/.config/discord/0.0.54/modules/pending/discord_utils-1.zip: 64%
2024-06-09T08:38:31.336Z [Modules] Streaming discord_utils@1 to /home/harrek/.config/discord/0.0.54/modules/pending/discord_utils-1.zip: 66%
2024-06-09T08:38:31.337Z [Modules] Streaming discord_utils@1 to /home/harrek/.config/discord/0.0.54/modules/pending/discord_utils-1.zip: 68%
2024-06-09T08:38:31.339Z [Modules] Streaming discord_utils@1 to /home/harrek/.config/discord/0.0.54/modules/pending/discord_utils-1.zip: 70%
2024-06-09T08:38:31.343Z [Modules] Streaming discord_utils@1 to /home/harrek/.config/discord/0.0.54/modules/pending/discord_utils-1.zip: 72%
2024-06-09T08:38:31.343Z [Modules] Streaming discord_utils@1 to /home/harrek/.config/discord/0.0.54/modules/pending/discord_utils-1.zip: 73%
2024-06-09T08:38:31.346Z [Modules] Streaming discord_utils@1 to /home/harrek/.config/discord/0.0.54/modules/pending/discord_utils-1.zip: 75%
2024-06-09T08:38:31.350Z [Modules] Streaming discord_utils@1 to /home/harrek/.config/discord/0.0.54/modules/pending/discord_utils-1.zip: 77%
2024-06-09T08:38:31.350Z [Modules] Streaming discord_utils@1 to /home/harrek/.config/discord/0.0.54/modules/pending/discord_utils-1.zip: 78%
2024-06-09T08:38:31.354Z [Modules] Streaming discord_utils@1 to /home/harrek/.config/discord/0.0.54/modules/pending/discord_utils-1.zip: 79%
2024-06-09T08:38:31.357Z [Modules] Streaming discord_utils@1 to /home/harrek/.config/discord/0.0.54/modules/pending/discord_utils-1.zip: 81%
2024-06-09T08:38:31.358Z [Modules] Streaming discord_utils@1 to /home/harrek/.config/discord/0.0.54/modules/pending/discord_utils-1.zip: 83%
2024-06-09T08:38:31.362Z [Modules] Streaming discord_utils@1 to /home/harrek/.config/discord/0.0.54/modules/pending/discord_utils-1.zip: 85%
2024-06-09T08:38:31.365Z [Modules] Streaming discord_utils@1 to /home/harrek/.config/discord/0.0.54/modules/pending/discord_utils-1.zip: 87%
2024-06-09T08:38:31.365Z [Modules] Streaming discord_utils@1 to /home/harrek/.config/discord/0.0.54/modules/pending/discord_utils-1.zip: 88%
2024-06-09T08:38:31.367Z [Modules] Streaming discord_utils@1 to /home/harrek/.config/discord/0.0.54/modules/pending/discord_utils-1.zip: 89%
2024-06-09T08:38:31.369Z [Modules] Streaming discord_utils@1 to /home/harrek/.config/discord/0.0.54/modules/pending/discord_utils-1.zip: 91%
2024-06-09T08:38:31.374Z [Modules] Streaming discord_utils@1 to /home/harrek/.config/discord/0.0.54/modules/pending/discord_utils-1.zip: 94%
2024-06-09T08:38:31.375Z [Modules] Streaming discord_utils@1 to /home/harrek/.config/discord/0.0.54/modules/pending/discord_utils-1.zip: 95%
2024-06-09T08:38:31.377Z [Modules] Streaming discord_utils@1 to /home/harrek/.config/discord/0.0.54/modules/pending/discord_utils-1.zip: 97%
2024-06-09T08:38:31.378Z [Modules] Streaming discord_utils@1 to /home/harrek/.config/discord/0.0.54/modules/pending/discord_utils-1.zip: 98%
2024-06-09T08:38:31.379Z [Modules] Streaming discord_utils@1 to /home/harrek/.config/discord/0.0.54/modules/pending/discord_utils-1.zip: 100%
2024-06-09T08:38:31.381Z [Modules] Fetching discord_voice@3 from https://discord.com/api/modules/stable/discord_voice/3
2024-06-09T08:38:31.381Z [Modules] Streaming discord_voice@3 to /home/harrek/.config/discord/0.0.54/modules/pending/discord_voice-3.zip
2024-06-09T08:38:31.939Z [Modules] Streaming discord_voice@3 to /home/harrek/.config/discord/0.0.54/modules/pending/discord_voice-3.zip: 1%
2024-06-09T08:38:31.949Z [Modules] Streaming discord_voice@3 to /home/harrek/.config/discord/0.0.54/modules/pending/discord_voice-3.zip: 2%
2024-06-09T08:38:31.957Z [Modules] Streaming discord_voice@3 to /home/harrek/.config/discord/0.0.54/modules/pending/discord_voice-3.zip: 3%
2024-06-09T08:38:31.965Z [Modules] Streaming discord_voice@3 to /home/harrek/.config/discord/0.0.54/modules/pending/discord_voice-3.zip: 4%
2024-06-09T08:38:31.974Z [Modules] Streaming discord_voice@3 to /home/harrek/.config/discord/0.0.54/modules/pending/discord_voice-3.zip: 5%
2024-06-09T08:38:31.981Z [Modules] Streaming discord_voice@3 to /home/harrek/.config/discord/0.0.54/modules/pending/discord_voice-3.zip: 6%
2024-06-09T08:38:31.990Z [Modules] Streaming discord_voice@3 to /home/harrek/.config/discord/0.0.54/modules/pending/discord_voice-3.zip: 7%
2024-06-09T08:38:32.000Z [Modules] Streaming discord_voice@3 to /home/harrek/.config/discord/0.0.54/modules/pending/discord_voice-3.zip: 8%
2024-06-09T08:38:32.009Z [Modules] Streaming discord_voice@3 to /home/harrek/.config/discord/0.0.54/modules/pending/discord_voice-3.zip: 9%
2024-06-09T08:38:32.016Z [Modules] Streaming discord_voice@3 to /home/harrek/.config/discord/0.0.54/modules/pending/discord_voice-3.zip: 10%
2024-06-09T08:38:32.025Z [Modules] Streaming discord_voice@3 to /home/harrek/.config/discord/0.0.54/modules/pending/discord_voice-3.zip: 11%
2024-06-09T08:38:32.032Z [Modules] Streaming discord_voice@3 to /home/harrek/.config/discord/0.0.54/modules/pending/discord_voice-3.zip: 12%
2024-06-09T08:38:32.040Z [Modules] Streaming discord_voice@3 to /home/harrek/.config/discord/0.0.54/modules/pending/discord_voice-3.zip: 13%
2024-06-09T08:38:32.048Z [Modules] Streaming discord_voice@3 to /home/harrek/.config/discord/0.0.54/modules/pending/discord_voice-3.zip: 14%
2024-06-09T08:38:32.060Z [Modules] Streaming discord_voice@3 to /home/harrek/.config/discord/0.0.54/modules/pending/discord_voice-3.zip: 15%
2024-06-09T08:38:32.066Z [Modules] Streaming discord_voice@3 to /home/harrek/.config/discord/0.0.54/modules/pending/discord_voice-3.zip: 16%
2024-06-09T08:38:32.076Z [Modules] Streaming discord_voice@3 to /home/harrek/.config/discord/0.0.54/modules/pending/discord_voice-3.zip: 17%
2024-06-09T08:38:32.083Z [Modules] Streaming discord_voice@3 to /home/harrek/.config/discord/0.0.54/modules/pending/discord_voice-3.zip: 18%
2024-06-09T08:38:32.091Z [Modules] Streaming discord_voice@3 to /home/harrek/.config/discord/0.0.54/modules/pending/discord_voice-3.zip: 19%
2024-06-09T08:38:32.097Z [Modules] Streaming discord_voice@3 to /home/harrek/.config/discord/0.0.54/modules/pending/discord_voice-3.zip: 20%
2024-06-09T08:38:32.105Z [Modules] Streaming discord_voice@3 to /home/harrek/.config/discord/0.0.54/modules/pending/discord_voice-3.zip: 21%
2024-06-09T08:38:32.113Z [Modules] Streaming discord_voice@3 to /home/harrek/.config/discord/0.0.54/modules/pending/discord_voice-3.zip: 22%
2024-06-09T08:38:32.120Z [Modules] Streaming discord_voice@3 to /home/harrek/.config/discord/0.0.54/modules/pending/discord_voice-3.zip: 23%
2024-06-09T08:38:32.130Z [Modules] Streaming discord_voice@3 to /home/harrek/.config/discord/0.0.54/modules/pending/discord_voice-3.zip: 24%
2024-06-09T08:38:32.134Z [Modules] Streaming discord_voice@3 to /home/harrek/.config/discord/0.0.54/modules/pending/discord_voice-3.zip: 25%
2024-06-09T08:38:32.144Z [Modules] Streaming discord_voice@3 to /home/harrek/.config/discord/0.0.54/modules/pending/discord_voice-3.zip: 26%
2024-06-09T08:38:32.154Z [Modules] Streaming discord_voice@3 to /home/harrek/.config/discord/0.0.54/modules/pending/discord_voice-3.zip: 27%
2024-06-09T08:38:32.165Z [Modules] Streaming discord_voice@3 to /home/harrek/.config/discord/0.0.54/modules/pending/discord_voice-3.zip: 28%
2024-06-09T08:38:32.174Z [Modules] Streaming discord_voice@3 to /home/harrek/.config/discord/0.0.54/modules/pending/discord_voice-3.zip: 29%
2024-06-09T08:38:32.183Z [Modules] Streaming discord_voice@3 to /home/harrek/.config/discord/0.0.54/modules/pending/discord_voice-3.zip: 30%
2024-06-09T08:38:32.195Z [Modules] Streaming discord_voice@3 to /home/harrek/.config/discord/0.0.54/modules/pending/discord_voice-3.zip: 31%
2024-06-09T08:38:32.206Z [Modules] Streaming discord_voice@3 to /home/harrek/.config/discord/0.0.54/modules/pending/discord_voice-3.zip: 32%
2024-06-09T08:38:32.215Z [Modules] Streaming discord_voice@3 to /home/harrek/.config/discord/0.0.54/modules/pending/discord_voice-3.zip: 33%
2024-06-09T08:38:32.224Z [Modules] Streaming discord_voice@3 to /home/harrek/.config/discord/0.0.54/modules/pending/discord_voice-3.zip: 34%
2024-06-09T08:38:32.230Z [Modules] Streaming discord_voice@3 to /home/harrek/.config/discord/0.0.54/modules/pending/discord_voice-3.zip: 35%
2024-06-09T08:38:32.239Z [Modules] Streaming discord_voice@3 to /home/harrek/.config/discord/0.0.54/modules/pending/discord_voice-3.zip: 36%
2024-06-09T08:38:32.247Z [Modules] Streaming discord_voice@3 to /home/harrek/.config/discord/0.0.54/modules/pending/discord_voice-3.zip: 37%
2024-06-09T08:38:32.256Z [Modules] Streaming discord_voice@3 to /home/harrek/.config/discord/0.0.54/modules/pending/discord_voice-3.zip: 38%
2024-06-09T08:38:32.264Z [Modules] Streaming discord_voice@3 to /home/harrek/.config/discord/0.0.54/modules/pending/discord_voice-3.zip: 39%
2024-06-09T08:38:32.273Z [Modules] Streaming discord_voice@3 to /home/harrek/.config/discord/0.0.54/modules/pending/discord_voice-3.zip: 40%
2024-06-09T08:38:32.280Z [Modules] Streaming discord_voice@3 to /home/harrek/.config/discord/0.0.54/modules/pending/discord_voice-3.zip: 41%
2024-06-09T08:38:32.286Z [Modules] Streaming discord_voice@3 to /home/harrek/.config/discord/0.0.54/modules/pending/discord_voice-3.zip: 42%
2024-06-09T08:38:32.294Z [Modules] Streaming discord_voice@3 to /home/harrek/.config/discord/0.0.54/modules/pending/discord_voice-3.zip: 43%
2024-06-09T08:38:32.301Z [Modules] Streaming discord_voice@3 to /home/harrek/.config/discord/0.0.54/modules/pending/discord_voice-3.zip: 44%
2024-06-09T08:38:32.308Z [Modules] Streaming discord_voice@3 to /home/harrek/.config/discord/0.0.54/modules/pending/discord_voice-3.zip: 45%
2024-06-09T08:38:32.317Z [Modules] Streaming discord_voice@3 to /home/harrek/.config/discord/0.0.54/modules/pending/discord_voice-3.zip: 46%
2024-06-09T08:38:32.325Z [Modules] Streaming discord_voice@3 to /home/harrek/.config/discord/0.0.54/modules/pending/discord_voice-3.zip: 47%
2024-06-09T08:38:32.331Z [Modules] Streaming discord_voice@3 to /home/harrek/.config/discord/0.0.54/modules/pending/discord_voice-3.zip: 48%
2024-06-09T08:38:32.342Z [Modules] Streaming discord_voice@3 to /home/harrek/.config/discord/0.0.54/modules/pending/discord_voice-3.zip: 49%
2024-06-09T08:38:32.347Z [Modules] Streaming discord_voice@3 to /home/harrek/.config/discord/0.0.54/modules/pending/discord_voice-3.zip: 50%
2024-06-09T08:38:32.356Z [Modules] Streaming discord_voice@3 to /home/harrek/.config/discord/0.0.54/modules/pending/discord_voice-3.zip: 51%
2024-06-09T08:38:32.363Z [Modules] Streaming discord_voice@3 to /home/harrek/.config/discord/0.0.54/modules/pending/discord_voice-3.zip: 52%
2024-06-09T08:38:32.376Z [Modules] Streaming discord_voice@3 to /home/harrek/.config/discord/0.0.54/modules/pending/discord_voice-3.zip: 53%
2024-06-09T08:38:32.386Z [Modules] Streaming discord_voice@3 to /home/harrek/.config/discord/0.0.54/modules/pending/discord_voice-3.zip: 54%
2024-06-09T08:38:32.392Z [Modules] Streaming discord_voice@3 to /home/harrek/.config/discord/0.0.54/modules/pending/discord_voice-3.zip: 55%
2024-06-09T08:38:32.401Z [Modules] Streaming discord_voice@3 to /home/harrek/.config/discord/0.0.54/modules/pending/discord_voice-3.zip: 56%
2024-06-09T08:38:32.407Z [Modules] Streaming discord_voice@3 to /home/harrek/.config/discord/0.0.54/modules/pending/discord_voice-3.zip: 57%
2024-06-09T08:38:32.415Z [Modules] Streaming discord_voice@3 to /home/harrek/.config/discord/0.0.54/modules/pending/discord_voice-3.zip: 58%
2024-06-09T08:38:32.424Z [Modules] Streaming discord_voice@3 to /home/harrek/.config/discord/0.0.54/modules/pending/discord_voice-3.zip: 59%
2024-06-09T08:38:32.432Z [Modules] Streaming discord_voice@3 to /home/harrek/.config/discord/0.0.54/modules/pending/discord_voice-3.zip: 60%
2024-06-09T08:38:32.441Z [Modules] Streaming discord_voice@3 to /home/harrek/.config/discord/0.0.54/modules/pending/discord_voice-3.zip: 61%
2024-06-09T08:38:32.447Z [Modules] Streaming discord_voice@3 to /home/harrek/.config/discord/0.0.54/modules/pending/discord_voice-3.zip: 62%
2024-06-09T08:38:32.456Z [Modules] Streaming discord_voice@3 to /home/harrek/.config/discord/0.0.54/modules/pending/discord_voice-3.zip: 63%
2024-06-09T08:38:32.464Z [Modules] Streaming discord_voice@3 to /home/harrek/.config/discord/0.0.54/modules/pending/discord_voice-3.zip: 64%
2024-06-09T08:38:32.471Z [Modules] Streaming discord_voice@3 to /home/harrek/.config/discord/0.0.54/modules/pending/discord_voice-3.zip: 65%
2024-06-09T08:38:32.480Z [Modules] Streaming discord_voice@3 to /home/harrek/.config/discord/0.0.54/modules/pending/discord_voice-3.zip: 66%
2024-06-09T08:38:32.487Z [Modules] Streaming discord_voice@3 to /home/harrek/.config/discord/0.0.54/modules/pending/discord_voice-3.zip: 67%
2024-06-09T08:38:32.495Z [Modules] Streaming discord_voice@3 to /home/harrek/.config/discord/0.0.54/modules/pending/discord_voice-3.zip: 68%
2024-06-09T08:38:32.501Z [Modules] Streaming discord_voice@3 to /home/harrek/.config/discord/0.0.54/modules/pending/discord_voice-3.zip: 69%
2024-06-09T08:38:32.510Z [Modules] Streaming discord_voice@3 to /home/harrek/.config/discord/0.0.54/modules/pending/discord_voice-3.zip: 70%
2024-06-09T08:38:32.519Z [Modules] Streaming discord_voice@3 to /home/harrek/.config/discord/0.0.54/modules/pending/discord_voice-3.zip: 71%
2024-06-09T08:38:32.529Z [Modules] Streaming discord_voice@3 to /home/harrek/.config/discord/0.0.54/modules/pending/discord_voice-3.zip: 72%
2024-06-09T08:38:32.535Z [Modules] Streaming discord_voice@3 to /home/harrek/.config/discord/0.0.54/modules/pending/discord_voice-3.zip: 73%
2024-06-09T08:38:32.545Z [Modules] Streaming discord_voice@3 to /home/harrek/.config/discord/0.0.54/modules/pending/discord_voice-3.zip: 74%
2024-06-09T08:38:32.550Z [Modules] Streaming discord_voice@3 to /home/harrek/.config/discord/0.0.54/modules/pending/discord_voice-3.zip: 75%
2024-06-09T08:38:32.558Z [Modules] Streaming discord_voice@3 to /home/harrek/.config/discord/0.0.54/modules/pending/discord_voice-3.zip: 76%
2024-06-09T08:38:32.567Z [Modules] Streaming discord_voice@3 to /home/harrek/.config/discord/0.0.54/modules/pending/discord_voice-3.zip: 77%
2024-06-09T08:38:32.572Z [Modules] Streaming discord_voice@3 to /home/harrek/.config/discord/0.0.54/modules/pending/discord_voice-3.zip: 78%
2024-06-09T08:38:32.581Z [Modules] Streaming discord_voice@3 to /home/harrek/.config/discord/0.0.54/modules/pending/discord_voice-3.zip: 79%
2024-06-09T08:38:32.590Z [Modules] Streaming discord_voice@3 to /home/harrek/.config/discord/0.0.54/modules/pending/discord_voice-3.zip: 80%
2024-06-09T08:38:32.597Z [Modules] Streaming discord_voice@3 to /home/harrek/.config/discord/0.0.54/modules/pending/discord_voice-3.zip: 81%
2024-06-09T08:38:32.609Z [Modules] Streaming discord_voice@3 to /home/harrek/.config/discord/0.0.54/modules/pending/discord_voice-3.zip: 82%
2024-06-09T08:38:32.614Z [Modules] Streaming discord_voice@3 to /home/harrek/.config/discord/0.0.54/modules/pending/discord_voice-3.zip: 83%
2024-06-09T08:38:32.623Z [Modules] Streaming discord_voice@3 to /home/harrek/.config/discord/0.0.54/modules/pending/discord_voice-3.zip: 84%
2024-06-09T08:38:32.631Z [Modules] Streaming discord_voice@3 to /home/harrek/.config/discord/0.0.54/modules/pending/discord_voice-3.zip: 85%
2024-06-09T08:38:32.644Z [Modules] Streaming discord_voice@3 to /home/harrek/.config/discord/0.0.54/modules/pending/discord_voice-3.zip: 86%
2024-06-09T08:38:32.648Z [Modules] Streaming discord_voice@3 to /home/harrek/.config/discord/0.0.54/modules/pending/discord_voice-3.zip: 87%
2024-06-09T08:38:32.660Z [Modules] Streaming discord_voice@3 to /home/harrek/.config/discord/0.0.54/modules/pending/discord_voice-3.zip: 88%
2024-06-09T08:38:32.671Z [Modules] Streaming discord_voice@3 to /home/harrek/.config/discord/0.0.54/modules/pending/discord_voice-3.zip: 89%
2024-06-09T08:38:32.677Z [Modules] Streaming discord_voice@3 to /home/harrek/.config/discord/0.0.54/modules/pending/discord_voice-3.zip: 90%
2024-06-09T08:38:32.688Z [Modules] Streaming discord_voice@3 to /home/harrek/.config/discord/0.0.54/modules/pending/discord_voice-3.zip: 91%
2024-06-09T08:38:32.697Z [Modules] Streaming discord_voice@3 to /home/harrek/.config/discord/0.0.54/modules/pending/discord_voice-3.zip: 92%
2024-06-09T08:38:32.707Z [Modules] Streaming discord_voice@3 to /home/harrek/.config/discord/0.0.54/modules/pending/discord_voice-3.zip: 93%
2024-06-09T08:38:32.716Z [Modules] Streaming discord_voice@3 to /home/harrek/.config/discord/0.0.54/modules/pending/discord_voice-3.zip: 94%
2024-06-09T08:38:32.727Z [Modules] Streaming discord_voice@3 to /home/harrek/.config/discord/0.0.54/modules/pending/discord_voice-3.zip: 95%
2024-06-09T08:38:32.732Z [Modules] Streaming discord_voice@3 to /home/harrek/.config/discord/0.0.54/modules/pending/discord_voice-3.zip: 96%
2024-06-09T08:38:32.742Z [Modules] Streaming discord_voice@3 to /home/harrek/.config/discord/0.0.54/modules/pending/discord_voice-3.zip: 97%
2024-06-09T08:38:32.751Z [Modules] Streaming discord_voice@3 to /home/harrek/.config/discord/0.0.54/modules/pending/discord_voice-3.zip: 98%
2024-06-09T08:38:32.757Z [Modules] Streaming discord_voice@3 to /home/harrek/.config/discord/0.0.54/modules/pending/discord_voice-3.zip: 99%
2024-06-09T08:38:32.766Z [Modules] Streaming discord_voice@3 to /home/harrek/.config/discord/0.0.54/modules/pending/discord_voice-3.zip: 100%
2024-06-09T08:38:32.768Z [Modules] Fetching discord_zstd@1 from https://discord.com/api/modules/stable/discord_zstd/1
2024-06-09T08:38:32.768Z [Modules] Streaming discord_zstd@1 to /home/harrek/.config/discord/0.0.54/modules/pending/discord_zstd-1.zip
2024-06-09T08:38:33.375Z [Modules] Streaming discord_zstd@1 to /home/harrek/.config/discord/0.0.54/modules/pending/discord_zstd-1.zip: 1%
2024-06-09T08:38:33.377Z [Modules] Streaming discord_zstd@1 to /home/harrek/.config/discord/0.0.54/modules/pending/discord_zstd-1.zip: 7%
2024-06-09T08:38:33.378Z [Modules] Streaming discord_zstd@1 to /home/harrek/.config/discord/0.0.54/modules/pending/discord_zstd-1.zip: 12%
2024-06-09T08:38:33.379Z [Modules] Streaming discord_zstd@1 to /home/harrek/.config/discord/0.0.54/modules/pending/discord_zstd-1.zip: 15%
2024-06-09T08:38:33.384Z [Modules] Streaming discord_zstd@1 to /home/harrek/.config/discord/0.0.54/modules/pending/discord_zstd-1.zip: 17%
2024-06-09T08:38:33.387Z [Modules] Streaming discord_zstd@1 to /home/harrek/.config/discord/0.0.54/modules/pending/discord_zstd-1.zip: 21%
2024-06-09T08:38:33.388Z [Modules] Streaming discord_zstd@1 to /home/harrek/.config/discord/0.0.54/modules/pending/discord_zstd-1.zip: 27%
2024-06-09T08:38:33.391Z [Modules] Streaming discord_zstd@1 to /home/harrek/.config/discord/0.0.54/modules/pending/discord_zstd-1.zip: 33%
2024-06-09T08:38:33.392Z [Modules] Streaming discord_zstd@1 to /home/harrek/.config/discord/0.0.54/modules/pending/discord_zstd-1.zip: 34%
2024-06-09T08:38:33.395Z [Modules] Streaming discord_zstd@1 to /home/harrek/.config/discord/0.0.54/modules/pending/discord_zstd-1.zip: 38%
2024-06-09T08:38:33.396Z [Modules] Streaming discord_zstd@1 to /home/harrek/.config/discord/0.0.54/modules/pending/discord_zstd-1.zip: 43%
2024-06-09T08:38:33.397Z [Modules] Streaming discord_zstd@1 to /home/harrek/.config/discord/0.0.54/modules/pending/discord_zstd-1.zip: 44%
2024-06-09T08:38:33.399Z [Modules] Streaming discord_zstd@1 to /home/harrek/.config/discord/0.0.54/modules/pending/discord_zstd-1.zip: 46%
2024-06-09T08:38:33.401Z [Modules] Streaming discord_zstd@1 to /home/harrek/.config/discord/0.0.54/modules/pending/discord_zstd-1.zip: 51%
2024-06-09T08:38:33.401Z [Modules] Streaming discord_zstd@1 to /home/harrek/.config/discord/0.0.54/modules/pending/discord_zstd-1.zip: 53%
2024-06-09T08:38:33.405Z [Modules] Streaming discord_zstd@1 to /home/harrek/.config/discord/0.0.54/modules/pending/discord_zstd-1.zip: 58%
2024-06-09T08:38:33.406Z [Modules] Streaming discord_zstd@1 to /home/harrek/.config/discord/0.0.54/modules/pending/discord_zstd-1.zip: 60%
2024-06-09T08:38:33.408Z [Modules] Streaming discord_zstd@1 to /home/harrek/.config/discord/0.0.54/modules/pending/discord_zstd-1.zip: 64%
2024-06-09T08:38:33.410Z [Modules] Streaming discord_zstd@1 to /home/harrek/.config/discord/0.0.54/modules/pending/discord_zstd-1.zip: 69%
2024-06-09T08:38:33.411Z [Modules] Streaming discord_zstd@1 to /home/harrek/.config/discord/0.0.54/modules/pending/discord_zstd-1.zip: 72%
2024-06-09T08:38:33.413Z [Modules] Streaming discord_zstd@1 to /home/harrek/.config/discord/0.0.54/modules/pending/discord_zstd-1.zip: 77%
2024-06-09T08:38:33.414Z [Modules] Streaming discord_zstd@1 to /home/harrek/.config/discord/0.0.54/modules/pending/discord_zstd-1.zip: 78%
2024-06-09T08:38:33.417Z [Modules] Streaming discord_zstd@1 to /home/harrek/.config/discord/0.0.54/modules/pending/discord_zstd-1.zip: 83%
2024-06-09T08:38:33.418Z [Modules] Streaming discord_zstd@1 to /home/harrek/.config/discord/0.0.54/modules/pending/discord_zstd-1.zip: 85%
2024-06-09T08:38:33.422Z [Modules] Streaming discord_zstd@1 to /home/harrek/.config/discord/0.0.54/modules/pending/discord_zstd-1.zip: 87%
2024-06-09T08:38:33.423Z [Modules] Streaming discord_zstd@1 to /home/harrek/.config/discord/0.0.54/modules/pending/discord_zstd-1.zip: 92%
2024-06-09T08:38:33.424Z [Modules] Streaming discord_zstd@1 to /home/harrek/.config/discord/0.0.54/modules/pending/discord_zstd-1.zip: 93%
2024-06-09T08:38:33.427Z [Modules] Streaming discord_zstd@1 to /home/harrek/.config/discord/0.0.54/modules/pending/discord_zstd-1.zip: 99%
2024-06-09T08:38:33.427Z [Modules] Streaming discord_zstd@1 to /home/harrek/.config/discord/0.0.54/modules/pending/discord_zstd-1.zip: 100%
2024-06-09T08:38:33.429Z [Modules] Finished module downloads. [success: 6] [failure: 0]
2024-06-09T08:38:33.429Z [Modules] Installing updates...
2024-06-09T08:38:33.429Z [Modules] Installing discord_desktop_core@1 from /home/harrek/.config/discord/0.0.54/modules/pending/discord_desktop_core-1.zip
2024-06-09T08:38:33.489Z [Modules] Installing discord_erlpack@1 from /home/harrek/.config/discord/0.0.54/modules/pending/discord_erlpack-1.zip
2024-06-09T08:38:33.527Z [Modules] Installing discord_spellcheck@1 from /home/harrek/.config/discord/0.0.54/modules/pending/discord_spellcheck-1.zip
2024-06-09T08:38:33.971Z [Modules] Installing discord_utils@1 from /home/harrek/.config/discord/0.0.54/modules/pending/discord_utils-1.zip
2024-06-09T08:38:34.064Z [Modules] Installing discord_voice@3 from /home/harrek/.config/discord/0.0.54/modules/pending/discord_voice-3.zip
2024-06-09T08:38:34.520Z [Modules] Installing discord_zstd@1 from /home/harrek/.config/discord/0.0.54/modules/pending/discord_zstd-1.zip
2024-06-09T08:38:34.545Z [Modules] Finished module installations. [success: 6] [failure: 0]
2024-06-09T08:38:34.545Z [Modules] Host is up to date.
2024-06-09T08:38:34.545Z [Modules] Checking for module updates at https://discord.com/api/modules/stable/versions.json
2024-06-09T08:38:34.549Z [Modules] No module updates available.
2024-06-09T08:38:36.321Z [Modules] Starting to install discord_krisp...
2024-06-09T08:38:36.321Z [Modules] Fetching discord_krisp@2 from https://discord.com/api/modules/stable/discord_krisp/2
2024-06-09T08:38:36.321Z [Modules] Streaming discord_krisp@2 to /home/harrek/.config/discord/0.0.54/modules/pending/discord_krisp-2.zip
2024-06-09T08:38:36.327Z [Modules] Starting to install discord_game_utils...
2024-06-09T08:38:36.915Z [Modules] Host is up to date.
2024-06-09T08:38:36.916Z [Modules] Checking for module updates at https://discord.com/api/modules/stable/versions.json
2024-06-09T08:38:36.918Z [Modules] No module updates available.
2024-06-09T08:38:37.000Z [Modules] Starting to install discord_rpc...
2024-06-09T08:38:37.027Z [Modules] Streaming discord_krisp@2 to /home/harrek/.config/discord/0.0.54/modules/pending/discord_krisp-2.zip: 1%
2024-06-09T08:38:37.038Z [Modules] Streaming discord_krisp@2 to /home/harrek/.config/discord/0.0.54/modules/pending/discord_krisp-2.zip: 2%
2024-06-09T08:38:37.046Z [Modules] Streaming discord_krisp@2 to /home/harrek/.config/discord/0.0.54/modules/pending/discord_krisp-2.zip: 3%
2024-06-09T08:38:37.080Z [Modules] Streaming discord_krisp@2 to /home/harrek/.config/discord/0.0.54/modules/pending/discord_krisp-2.zip: 4%
2024-06-09T08:38:37.083Z [Modules] Streaming discord_krisp@2 to /home/harrek/.config/discord/0.0.54/modules/pending/discord_krisp-2.zip: 5%
2024-06-09T08:38:37.089Z [Modules] Streaming discord_krisp@2 to /home/harrek/.config/discord/0.0.54/modules/pending/discord_krisp-2.zip: 6%
2024-06-09T08:38:37.097Z [Modules] Streaming discord_krisp@2 to /home/harrek/.config/discord/0.0.54/modules/pending/discord_krisp-2.zip: 7%
2024-06-09T08:38:37.113Z [Modules] Streaming discord_krisp@2 to /home/harrek/.config/discord/0.0.54/modules/pending/discord_krisp-2.zip: 8%
2024-06-09T08:38:37.125Z [Modules] Streaming discord_krisp@2 to /home/harrek/.config/discord/0.0.54/modules/pending/discord_krisp-2.zip: 9%
2024-06-09T08:38:37.133Z [Modules] Streaming discord_krisp@2 to /home/harrek/.config/discord/0.0.54/modules/pending/discord_krisp-2.zip: 10%
2024-06-09T08:38:37.145Z [Modules] Streaming discord_krisp@2 to /home/harrek/.config/discord/0.0.54/modules/pending/discord_krisp-2.zip: 11%
2024-06-09T08:38:37.158Z [Modules] Streaming discord_krisp@2 to /home/harrek/.config/discord/0.0.54/modules/pending/discord_krisp-2.zip: 12%
2024-06-09T08:38:37.171Z [Modules] Streaming discord_krisp@2 to /home/harrek/.config/discord/0.0.54/modules/pending/discord_krisp-2.zip: 13%
2024-06-09T08:38:37.179Z [Modules] Streaming discord_krisp@2 to /home/harrek/.config/discord/0.0.54/modules/pending/discord_krisp-2.zip: 14%
2024-06-09T08:38:37.191Z [Modules] Streaming discord_krisp@2 to /home/harrek/.config/discord/0.0.54/modules/pending/discord_krisp-2.zip: 15%
2024-06-09T08:38:37.204Z [Modules] Streaming discord_krisp@2 to /home/harrek/.config/discord/0.0.54/modules/pending/discord_krisp-2.zip: 16%
2024-06-09T08:38:37.218Z [Modules] Streaming discord_krisp@2 to /home/harrek/.config/discord/0.0.54/modules/pending/discord_krisp-2.zip: 17%
2024-06-09T08:38:37.226Z [Modules] Streaming discord_krisp@2 to /home/harrek/.config/discord/0.0.54/modules/pending/discord_krisp-2.zip: 18%
2024-06-09T08:38:37.237Z [Modules] Streaming discord_krisp@2 to /home/harrek/.config/discord/0.0.54/modules/pending/discord_krisp-2.zip: 19%
2024-06-09T08:38:37.247Z [Modules] Streaming discord_krisp@2 to /home/harrek/.config/discord/0.0.54/modules/pending/discord_krisp-2.zip: 20%
2024-06-09T08:38:37.259Z [Modules] Streaming discord_krisp@2 to /home/harrek/.config/discord/0.0.54/modules/pending/discord_krisp-2.zip: 21%
2024-06-09T08:38:37.270Z [Modules] Streaming discord_krisp@2 to /home/harrek/.config/discord/0.0.54/modules/pending/discord_krisp-2.zip: 22%
2024-06-09T08:38:37.280Z [Modules] Streaming discord_krisp@2 to /home/harrek/.config/discord/0.0.54/modules/pending/discord_krisp-2.zip: 23%
2024-06-09T08:38:37.293Z [Modules] Streaming discord_krisp@2 to /home/harrek/.config/discord/0.0.54/modules/pending/discord_krisp-2.zip: 24%
2024-06-09T08:38:37.305Z [Modules] Streaming discord_krisp@2 to /home/harrek/.config/discord/0.0.54/modules/pending/discord_krisp-2.zip: 25%
2024-06-09T08:38:37.318Z [Modules] Streaming discord_krisp@2 to /home/harrek/.config/discord/0.0.54/modules/pending/discord_krisp-2.zip: 26%
2024-06-09T08:38:37.327Z [Modules] Streaming discord_krisp@2 to /home/harrek/.config/discord/0.0.54/modules/pending/discord_krisp-2.zip: 27%
2024-06-09T08:38:37.339Z [Modules] Streaming discord_krisp@2 to /home/harrek/.config/discord/0.0.54/modules/pending/discord_krisp-2.zip: 28%
2024-06-09T08:38:37.351Z [Modules] Streaming discord_krisp@2 to /home/harrek/.config/discord/0.0.54/modules/pending/discord_krisp-2.zip: 29%
2024-06-09T08:38:37.363Z [Modules] Streaming discord_krisp@2 to /home/harrek/.config/discord/0.0.54/modules/pending/discord_krisp-2.zip: 30%
2024-06-09T08:38:37.372Z [Modules] Streaming discord_krisp@2 to /home/harrek/.config/discord/0.0.54/modules/pending/discord_krisp-2.zip: 31%
2024-06-09T08:38:37.388Z [Modules] Streaming discord_krisp@2 to /home/harrek/.config/discord/0.0.54/modules/pending/discord_krisp-2.zip: 32%
2024-06-09T08:38:37.396Z [Modules] Streaming discord_krisp@2 to /home/harrek/.config/discord/0.0.54/modules/pending/discord_krisp-2.zip: 33%
2024-06-09T08:38:37.407Z [Modules] Streaming discord_krisp@2 to /home/harrek/.config/discord/0.0.54/modules/pending/discord_krisp-2.zip: 34%
2024-06-09T08:38:37.419Z [Modules] Streaming discord_krisp@2 to /home/harrek/.config/discord/0.0.54/modules/pending/discord_krisp-2.zip: 35%
2024-06-09T08:38:37.429Z [Modules] Streaming discord_krisp@2 to /home/harrek/.config/discord/0.0.54/modules/pending/discord_krisp-2.zip: 36%
2024-06-09T08:38:37.439Z [Modules] Streaming discord_krisp@2 to /home/harrek/.config/discord/0.0.54/modules/pending/discord_krisp-2.zip: 37%
2024-06-09T08:38:37.450Z [Modules] Streaming discord_krisp@2 to /home/harrek/.config/discord/0.0.54/modules/pending/discord_krisp-2.zip: 38%
2024-06-09T08:38:37.458Z [Modules] Streaming discord_krisp@2 to /home/harrek/.config/discord/0.0.54/modules/pending/discord_krisp-2.zip: 39%
2024-06-09T08:38:37.468Z [Modules] Streaming discord_krisp@2 to /home/harrek/.config/discord/0.0.54/modules/pending/discord_krisp-2.zip: 40%
2024-06-09T08:38:37.484Z [Modules] Streaming discord_krisp@2 to /home/harrek/.config/discord/0.0.54/modules/pending/discord_krisp-2.zip: 41%
2024-06-09T08:38:37.491Z [Modules] Streaming discord_krisp@2 to /home/harrek/.config/discord/0.0.54/modules/pending/discord_krisp-2.zip: 42%
2024-06-09T08:38:37.503Z [Modules] Streaming discord_krisp@2 to /home/harrek/.config/discord/0.0.54/modules/pending/discord_krisp-2.zip: 43%
2024-06-09T08:38:37.514Z [Modules] Streaming discord_krisp@2 to /home/harrek/.config/discord/0.0.54/modules/pending/discord_krisp-2.zip: 44%
2024-06-09T08:38:37.522Z [Modules] Streaming discord_krisp@2 to /home/harrek/.config/discord/0.0.54/modules/pending/discord_krisp-2.zip: 45%
2024-06-09T08:38:37.533Z [Modules] Streaming discord_krisp@2 to /home/harrek/.config/discord/0.0.54/modules/pending/discord_krisp-2.zip: 46%
2024-06-09T08:38:37.545Z [Modules] Streaming discord_krisp@2 to /home/harrek/.config/discord/0.0.54/modules/pending/discord_krisp-2.zip: 47%
2024-06-09T08:38:37.552Z [Modules] Streaming discord_krisp@2 to /home/harrek/.config/discord/0.0.54/modules/pending/discord_krisp-2.zip: 48%
2024-06-09T08:38:37.563Z [Modules] Streaming discord_krisp@2 to /home/harrek/.config/discord/0.0.54/modules/pending/discord_krisp-2.zip: 49%
2024-06-09T08:38:37.575Z [Modules] Streaming discord_krisp@2 to /home/harrek/.config/discord/0.0.54/modules/pending/discord_krisp-2.zip: 50%
2024-06-09T08:38:37.587Z [Modules] Streaming discord_krisp@2 to /home/harrek/.config/discord/0.0.54/modules/pending/discord_krisp-2.zip: 51%
2024-06-09T08:38:37.597Z [Modules] Streaming discord_krisp@2 to /home/harrek/.config/discord/0.0.54/modules/pending/discord_krisp-2.zip: 52%
2024-06-09T08:38:37.609Z [Modules] Streaming discord_krisp@2 to /home/harrek/.config/discord/0.0.54/modules/pending/discord_krisp-2.zip: 53%
2024-06-09T08:38:37.620Z [Modules] Streaming discord_krisp@2 to /home/harrek/.config/discord/0.0.54/modules/pending/discord_krisp-2.zip: 54%
2024-06-09T08:38:37.626Z [Modules] Streaming discord_krisp@2 to /home/harrek/.config/discord/0.0.54/modules/pending/discord_krisp-2.zip: 55%
2024-06-09T08:38:37.638Z [Modules] Streaming discord_krisp@2 to /home/harrek/.config/discord/0.0.54/modules/pending/discord_krisp-2.zip: 56%
2024-06-09T08:38:37.652Z [Modules] Streaming discord_krisp@2 to /home/harrek/.config/discord/0.0.54/modules/pending/discord_krisp-2.zip: 57%
2024-06-09T08:38:37.660Z [Modules] Streaming discord_krisp@2 to /home/harrek/.config/discord/0.0.54/modules/pending/discord_krisp-2.zip: 58%
2024-06-09T08:38:37.671Z [Modules] Streaming discord_krisp@2 to /home/harrek/.config/discord/0.0.54/modules/pending/discord_krisp-2.zip: 59%
2024-06-09T08:38:37.681Z [Modules] Streaming discord_krisp@2 to /home/harrek/.config/discord/0.0.54/modules/pending/discord_krisp-2.zip: 60%
2024-06-09T08:38:37.693Z [Modules] Streaming discord_krisp@2 to /home/harrek/.config/discord/0.0.54/modules/pending/discord_krisp-2.zip: 61%
2024-06-09T08:38:37.705Z [Modules] Streaming discord_krisp@2 to /home/harrek/.config/discord/0.0.54/modules/pending/discord_krisp-2.zip: 62%
2024-06-09T08:38:37.711Z [Modules] Streaming discord_krisp@2 to /home/harrek/.config/discord/0.0.54/modules/pending/discord_krisp-2.zip: 63%
2024-06-09T08:38:37.722Z [Modules] Streaming discord_krisp@2 to /home/harrek/.config/discord/0.0.54/modules/pending/discord_krisp-2.zip: 64%
2024-06-09T08:38:37.733Z [Modules] Streaming discord_krisp@2 to /home/harrek/.config/discord/0.0.54/modules/pending/discord_krisp-2.zip: 65%
2024-06-09T08:38:37.741Z [Modules] Streaming discord_krisp@2 to /home/harrek/.config/discord/0.0.54/modules/pending/discord_krisp-2.zip: 66%
2024-06-09T08:38:37.753Z [Modules] Streaming discord_krisp@2 to /home/harrek/.config/discord/0.0.54/modules/pending/discord_krisp-2.zip: 67%
2024-06-09T08:38:37.764Z [Modules] Streaming discord_krisp@2 to /home/harrek/.config/discord/0.0.54/modules/pending/discord_krisp-2.zip: 68%
2024-06-09T08:38:37.772Z [Modules] Streaming discord_krisp@2 to /home/harrek/.config/discord/0.0.54/modules/pending/discord_krisp-2.zip: 69%
2024-06-09T08:38:37.784Z [Modules] Streaming discord_krisp@2 to /home/harrek/.config/discord/0.0.54/modules/pending/discord_krisp-2.zip: 70%
2024-06-09T08:38:37.793Z [Modules] Streaming discord_krisp@2 to /home/harrek/.config/discord/0.0.54/modules/pending/discord_krisp-2.zip: 71%
2024-06-09T08:38:37.805Z [Modules] Streaming discord_krisp@2 to /home/harrek/.config/discord/0.0.54/modules/pending/discord_krisp-2.zip: 72%
2024-06-09T08:38:37.811Z [Modules] Streaming discord_krisp@2 to /home/harrek/.config/discord/0.0.54/modules/pending/discord_krisp-2.zip: 73%
2024-06-09T08:38:37.819Z [Modules] Streaming discord_krisp@2 to /home/harrek/.config/discord/0.0.54/modules/pending/discord_krisp-2.zip: 74%
2024-06-09T08:38:37.830Z [Modules] Streaming discord_krisp@2 to /home/harrek/.config/discord/0.0.54/modules/pending/discord_krisp-2.zip: 75%
2024-06-09T08:38:37.837Z [Modules] Streaming discord_krisp@2 to /home/harrek/.config/discord/0.0.54/modules/pending/discord_krisp-2.zip: 76%
2024-06-09T08:38:37.848Z [Modules] Streaming discord_krisp@2 to /home/harrek/.config/discord/0.0.54/modules/pending/discord_krisp-2.zip: 77%
2024-06-09T08:38:37.855Z [Modules] Streaming discord_krisp@2 to /home/harrek/.config/discord/0.0.54/modules/pending/discord_krisp-2.zip: 78%
2024-06-09T08:38:37.865Z [Modules] Streaming discord_krisp@2 to /home/harrek/.config/discord/0.0.54/modules/pending/discord_krisp-2.zip: 79%
2024-06-09T08:38:37.874Z [Modules] Streaming discord_krisp@2 to /home/harrek/.config/discord/0.0.54/modules/pending/discord_krisp-2.zip: 80%
2024-06-09T08:38:37.884Z [Modules] Streaming discord_krisp@2 to /home/harrek/.config/discord/0.0.54/modules/pending/discord_krisp-2.zip: 81%
2024-06-09T08:38:37.893Z [Modules] Streaming discord_krisp@2 to /home/harrek/.config/discord/0.0.54/modules/pending/discord_krisp-2.zip: 82%
2024-06-09T08:38:37.904Z [Modules] Streaming discord_krisp@2 to /home/harrek/.config/discord/0.0.54/modules/pending/discord_krisp-2.zip: 83%
2024-06-09T08:38:37.916Z [Modules] Streaming discord_krisp@2 to /home/harrek/.config/discord/0.0.54/modules/pending/discord_krisp-2.zip: 84%
2024-06-09T08:38:37.924Z [Modules] Streaming discord_krisp@2 to /home/harrek/.config/discord/0.0.54/modules/pending/discord_krisp-2.zip: 85%
2024-06-09T08:38:37.934Z [Modules] Streaming discord_krisp@2 to /home/harrek/.config/discord/0.0.54/modules/pending/discord_krisp-2.zip: 86%
2024-06-09T08:38:37.946Z [Modules] Streaming discord_krisp@2 to /home/harrek/.config/discord/0.0.54/modules/pending/discord_krisp-2.zip: 87%
2024-06-09T08:38:37.956Z [Modules] Streaming discord_krisp@2 to /home/harrek/.config/discord/0.0.54/modules/pending/discord_krisp-2.zip: 88%
2024-06-09T08:38:37.963Z [Modules] Streaming discord_krisp@2 to /home/harrek/.config/discord/0.0.54/modules/pending/discord_krisp-2.zip: 89%
2024-06-09T08:38:37.977Z [Modules] Streaming discord_krisp@2 to /home/harrek/.config/discord/0.0.54/modules/pending/discord_krisp-2.zip: 90%
2024-06-09T08:38:37.988Z [Modules] Streaming discord_krisp@2 to /home/harrek/.config/discord/0.0.54/modules/pending/discord_krisp-2.zip: 91%
2024-06-09T08:38:37.999Z [Modules] Streaming discord_krisp@2 to /home/harrek/.config/discord/0.0.54/modules/pending/discord_krisp-2.zip: 92%
2024-06-09T08:38:38.008Z [Modules] Streaming discord_krisp@2 to /home/harrek/.config/discord/0.0.54/modules/pending/discord_krisp-2.zip: 93%
2024-06-09T08:38:38.014Z [Modules] Streaming discord_krisp@2 to /home/harrek/.config/discord/0.0.54/modules/pending/discord_krisp-2.zip: 94%
2024-06-09T08:38:38.024Z [Modules] Streaming discord_krisp@2 to /home/harrek/.config/discord/0.0.54/modules/pending/discord_krisp-2.zip: 95%
2024-06-09T08:38:38.032Z [Modules] Streaming discord_krisp@2 to /home/harrek/.config/discord/0.0.54/modules/pending/discord_krisp-2.zip: 96%
2024-06-09T08:38:38.040Z [Modules] Streaming discord_krisp@2 to /home/harrek/.config/discord/0.0.54/modules/pending/discord_krisp-2.zip: 97%
2024-06-09T08:38:38.051Z [Modules] Streaming discord_krisp@2 to /home/harrek/.config/discord/0.0.54/modules/pending/discord_krisp-2.zip: 98%
2024-06-09T08:38:38.060Z [Modules] Streaming discord_krisp@2 to /home/harrek/.config/discord/0.0.54/modules/pending/discord_krisp-2.zip: 99%
2024-06-09T08:38:38.066Z [Modules] Streaming discord_krisp@2 to /home/harrek/.config/discord/0.0.54/modules/pending/discord_krisp-2.zip: 100%
2024-06-09T08:38:38.068Z [Modules] Fetching discord_game_utils@1 from https://discord.com/api/modules/stable/discord_game_utils/1
2024-06-09T08:38:38.068Z [Modules] Streaming discord_game_utils@1 to /home/harrek/.config/discord/0.0.54/modules/pending/discord_game_utils-1.zip
2024-06-09T08:38:38.068Z [Modules] Installing discord_krisp@2 from /home/harrek/.config/discord/0.0.54/modules/pending/discord_krisp-2.zip
2024-06-09T08:38:38.364Z [Modules] Finished module installations. [success: 1] [failure: 0]
2024-06-09T08:38:38.643Z [Modules] Streaming discord_game_utils@1 to /home/harrek/.config/discord/0.0.54/modules/pending/discord_game_utils-1.zip: 2%
2024-06-09T08:38:38.646Z [Modules] Streaming discord_game_utils@1 to /home/harrek/.config/discord/0.0.54/modules/pending/discord_game_utils-1.zip: 3%
2024-06-09T08:38:38.647Z [Modules] Streaming discord_game_utils@1 to /home/harrek/.config/discord/0.0.54/modules/pending/discord_game_utils-1.zip: 6%
2024-06-09T08:38:38.647Z [Modules] Streaming discord_game_utils@1 to /home/harrek/.config/discord/0.0.54/modules/pending/discord_game_utils-1.zip: 7%
2024-06-09T08:38:38.650Z [Modules] Streaming discord_game_utils@1 to /home/harrek/.config/discord/0.0.54/modules/pending/discord_game_utils-1.zip: 10%
2024-06-09T08:38:38.656Z [Modules] Streaming discord_game_utils@1 to /home/harrek/.config/discord/0.0.54/modules/pending/discord_game_utils-1.zip: 13%
2024-06-09T08:38:38.656Z [Modules] Streaming discord_game_utils@1 to /home/harrek/.config/discord/0.0.54/modules/pending/discord_game_utils-1.zip: 14%
2024-06-09T08:38:38.659Z [Modules] Streaming discord_game_utils@1 to /home/harrek/.config/discord/0.0.54/modules/pending/discord_game_utils-1.zip: 17%
2024-06-09T08:38:38.662Z [Modules] Streaming discord_game_utils@1 to /home/harrek/.config/discord/0.0.54/modules/pending/discord_game_utils-1.zip: 21%
2024-06-09T08:38:38.665Z [Modules] Streaming discord_game_utils@1 to /home/harrek/.config/discord/0.0.54/modules/pending/discord_game_utils-1.zip: 23%
2024-06-09T08:38:38.665Z [Modules] Streaming discord_game_utils@1 to /home/harrek/.config/discord/0.0.54/modules/pending/discord_game_utils-1.zip: 24%
2024-06-09T08:38:38.669Z [Modules] Streaming discord_game_utils@1 to /home/harrek/.config/discord/0.0.54/modules/pending/discord_game_utils-1.zip: 26%
2024-06-09T08:38:38.670Z [Modules] Streaming discord_game_utils@1 to /home/harrek/.config/discord/0.0.54/modules/pending/discord_game_utils-1.zip: 28%
2024-06-09T08:38:38.670Z [Modules] Streaming discord_game_utils@1 to /home/harrek/.config/discord/0.0.54/modules/pending/discord_game_utils-1.zip: 29%
2024-06-09T08:38:38.673Z [Modules] Streaming discord_game_utils@1 to /home/harrek/.config/discord/0.0.54/modules/pending/discord_game_utils-1.zip: 32%
2024-06-09T08:38:38.674Z [Modules] Streaming discord_game_utils@1 to /home/harrek/.config/discord/0.0.54/modules/pending/discord_game_utils-1.zip: 33%
2024-06-09T08:38:38.676Z [Modules] Streaming discord_game_utils@1 to /home/harrek/.config/discord/0.0.54/modules/pending/discord_game_utils-1.zip: 35%
2024-06-09T08:38:38.677Z [Modules] Streaming discord_game_utils@1 to /home/harrek/.config/discord/0.0.54/modules/pending/discord_game_utils-1.zip: 36%
2024-06-09T08:38:38.680Z [Modules] Streaming discord_game_utils@1 to /home/harrek/.config/discord/0.0.54/modules/pending/discord_game_utils-1.zip: 39%
2024-06-09T08:38:38.680Z [Modules] Streaming discord_game_utils@1 to /home/harrek/.config/discord/0.0.54/modules/pending/discord_game_utils-1.zip: 40%
2024-06-09T08:38:38.683Z [Modules] Streaming discord_game_utils@1 to /home/harrek/.config/discord/0.0.54/modules/pending/discord_game_utils-1.zip: 43%
2024-06-09T08:38:38.687Z [Modules] Streaming discord_game_utils@1 to /home/harrek/.config/discord/0.0.54/modules/pending/discord_game_utils-1.zip: 46%
2024-06-09T08:38:38.690Z [Modules] Streaming discord_game_utils@1 to /home/harrek/.config/discord/0.0.54/modules/pending/discord_game_utils-1.zip: 49%
2024-06-09T08:38:38.690Z [Modules] Streaming discord_game_utils@1 to /home/harrek/.config/discord/0.0.54/modules/pending/discord_game_utils-1.zip: 50%
2024-06-09T08:38:38.693Z [Modules] Streaming discord_game_utils@1 to /home/harrek/.config/discord/0.0.54/modules/pending/discord_game_utils-1.zip: 53%
2024-06-09T08:38:38.696Z [Modules] Streaming discord_game_utils@1 to /home/harrek/.config/discord/0.0.54/modules/pending/discord_game_utils-1.zip: 56%
2024-06-09T08:38:38.696Z [Modules] Streaming discord_game_utils@1 to /home/harrek/.config/discord/0.0.54/modules/pending/discord_game_utils-1.zip: 57%
2024-06-09T08:38:38.699Z [Modules] Streaming discord_game_utils@1 to /home/harrek/.config/discord/0.0.54/modules/pending/discord_game_utils-1.zip: 58%
2024-06-09T08:38:38.702Z [Modules] Streaming discord_game_utils@1 to /home/harrek/.config/discord/0.0.54/modules/pending/discord_game_utils-1.zip: 60%
2024-06-09T08:38:38.706Z [Modules] Streaming discord_game_utils@1 to /home/harrek/.config/discord/0.0.54/modules/pending/discord_game_utils-1.zip: 62%
2024-06-09T08:38:38.708Z [Modules] Streaming discord_game_utils@1 to /home/harrek/.config/discord/0.0.54/modules/pending/discord_game_utils-1.zip: 64%
2024-06-09T08:38:38.709Z [Modules] Streaming discord_game_utils@1 to /home/harrek/.config/discord/0.0.54/modules/pending/discord_game_utils-1.zip: 66%
2024-06-09T08:38:38.712Z [Modules] Streaming discord_game_utils@1 to /home/harrek/.config/discord/0.0.54/modules/pending/discord_game_utils-1.zip: 68%
2024-06-09T08:38:38.712Z [Modules] Streaming discord_game_utils@1 to /home/harrek/.config/discord/0.0.54/modules/pending/discord_game_utils-1.zip: 69%
2024-06-09T08:38:38.715Z [Modules] Streaming discord_game_utils@1 to /home/harrek/.config/discord/0.0.54/modules/pending/discord_game_utils-1.zip: 71%
2024-06-09T08:38:38.715Z [Modules] Streaming discord_game_utils@1 to /home/harrek/.config/discord/0.0.54/modules/pending/discord_game_utils-1.zip: 72%
2024-06-09T08:38:38.718Z [Modules] Streaming discord_game_utils@1 to /home/harrek/.config/discord/0.0.54/modules/pending/discord_game_utils-1.zip: 75%
2024-06-09T08:38:38.719Z [Modules] Streaming discord_game_utils@1 to /home/harrek/.config/discord/0.0.54/modules/pending/discord_game_utils-1.zip: 76%
2024-06-09T08:38:38.721Z [Modules] Streaming discord_game_utils@1 to /home/harrek/.config/discord/0.0.54/modules/pending/discord_game_utils-1.zip: 78%
2024-06-09T08:38:38.722Z [Modules] Streaming discord_game_utils@1 to /home/harrek/.config/discord/0.0.54/modules/pending/discord_game_utils-1.zip: 79%
2024-06-09T08:38:38.725Z [Modules] Streaming discord_game_utils@1 to /home/harrek/.config/discord/0.0.54/modules/pending/discord_game_utils-1.zip: 82%
2024-06-09T08:38:38.728Z [Modules] Streaming discord_game_utils@1 to /home/harrek/.config/discord/0.0.54/modules/pending/discord_game_utils-1.zip: 85%
2024-06-09T08:38:38.728Z [Modules] Streaming discord_game_utils@1 to /home/harrek/.config/discord/0.0.54/modules/pending/discord_game_utils-1.zip: 86%
2024-06-09T08:38:38.731Z [Modules] Streaming discord_game_utils@1 to /home/harrek/.config/discord/0.0.54/modules/pending/discord_game_utils-1.zip: 89%
2024-06-09T08:38:38.734Z [Modules] Streaming discord_game_utils@1 to /home/harrek/.config/discord/0.0.54/modules/pending/discord_game_utils-1.zip: 92%
2024-06-09T08:38:38.735Z [Modules] Streaming discord_game_utils@1 to /home/harrek/.config/discord/0.0.54/modules/pending/discord_game_utils-1.zip: 93%
2024-06-09T08:38:38.738Z [Modules] Streaming discord_game_utils@1 to /home/harrek/.config/discord/0.0.54/modules/pending/discord_game_utils-1.zip: 94%
2024-06-09T08:38:38.739Z [Modules] Streaming discord_game_utils@1 to /home/harrek/.config/discord/0.0.54/modules/pending/discord_game_utils-1.zip: 96%
2024-06-09T08:38:38.739Z [Modules] Streaming discord_game_utils@1 to /home/harrek/.config/discord/0.0.54/modules/pending/discord_game_utils-1.zip: 98%
2024-06-09T08:38:38.741Z [Modules] Streaming discord_game_utils@1 to /home/harrek/.config/discord/0.0.54/modules/pending/discord_game_utils-1.zip: 100%
2024-06-09T08:38:38.742Z [Modules] Fetching discord_rpc@1 from https://discord.com/api/modules/stable/discord_rpc/1
2024-06-09T08:38:38.742Z [Modules] Streaming discord_rpc@1 to /home/harrek/.config/discord/0.0.54/modules/pending/discord_rpc-1.zip
2024-06-09T08:38:38.742Z [Modules] Installing discord_game_utils@1 from /home/harrek/.config/discord/0.0.54/modules/pending/discord_game_utils-1.zip
2024-06-09T08:38:38.785Z [Modules] Finished module installations. [success: 1] [failure: 0]
2024-06-09T08:38:39.576Z [Modules] Streaming discord_rpc@1 to /home/harrek/.config/discord/0.0.54/modules/pending/discord_rpc-1.zip: 100%
2024-06-09T08:38:39.578Z [Modules] Finished module downloads. [success: 3] [failure: 0]
2024-06-09T08:38:39.579Z [Modules] Installing discord_rpc@1 from /home/harrek/.config/discord/0.0.54/modules/pending/discord_rpc-1.zip
2024-06-09T08:38:39.602Z [Modules] Finished module installations. [success: 1] [failure: 0]
2024-06-09T09:38:36.921Z [Modules] Host is up to date.
2024-06-09T09:38:36.922Z [Modules] Checking for module updates at https://discord.com/api/modules/stable/versions.json
2024-06-09T09:38:36.981Z [Modules] No module updates available.
2024-06-09T10:41:50.535Z [Modules] Host is up to date.
2024-06-09T10:41:50.535Z [Modules] Checking for module updates at https://discord.com/api/modules/stable/versions.json
2024-06-09T10:41:50.595Z [Modules] No module updates available.
2024-06-09T11:50:23.454Z [Modules] Host is up to date.
2024-06-09T11:50:23.454Z [Modules] Checking for module updates at https://discord.com/api/modules/stable/versions.json
2024-06-09T11:50:23.828Z [Modules] No module updates available.
2024-06-09T12:50:23.453Z [Modules] Host is up to date.
2024-06-09T12:50:23.453Z [Modules] Checking for module updates at https://discord.com/api/modules/stable/versions.json
2024-06-09T12:50:23.823Z [Modules] No module updates available.
2024-06-09T13:50:49.454Z [Modules] Host is up to date.
2024-06-09T13:50:49.454Z [Modules] Checking for module updates at https://discord.com/api/modules/stable/versions.json
2024-06-09T13:50:49.485Z [Modules] No module updates available.
2024-06-09T14:50:49.450Z [Modules] Host is up to date.
2024-06-09T14:50:49.450Z [Modules] Checking for module updates at https://discord.com/api/modules/stable/versions.json
2024-06-09T14:50:49.484Z [Modules] No module updates available.
2024-06-09T23:16:43.127Z [Modules] Modules initializing
2024-06-09T23:16:43.127Z [Modules] Distribution: remote
2024-06-09T23:16:43.127Z [Modules] Host updates: disabled
2024-06-09T23:16:43.127Z [Modules] Module updates: enabled
2024-06-09T23:16:43.128Z [Modules] Module install path: /home/harrek/.config/discord/0.0.54/modules
2024-06-09T23:16:43.128Z [Modules] Module installed file path: /home/harrek/.config/discord/0.0.54/modules/installed.json
2024-06-09T23:16:43.128Z [Modules] Module download path: /home/harrek/.config/discord/0.0.54/modules/pending
2024-06-09T23:16:43.762Z [Modules] No updates to install
2024-06-09T23:16:43.762Z [Modules] Host is up to date.
2024-06-09T23:16:43.763Z [Modules] Checking for module updates at https://discord.com/api/modules/stable/versions.json
2024-06-09T23:16:43.949Z [Modules] No module updates available.
2024-06-09T23:16:46.388Z [Modules] Host is up to date.
2024-06-09T23:16:46.388Z [Modules] Checking for module updates at https://discord.com/api/modules/stable/versions.json
2024-06-09T23:16:46.391Z [Modules] No module updates available.
2024-06-11T07:18:13.239Z [Modules] Modules initializing
2024-06-11T07:18:13.239Z [Modules] Distribution: remote
2024-06-11T07:18:13.239Z [Modules] Host updates: disabled
2024-06-11T07:18:13.239Z [Modules] Module updates: enabled
2024-06-11T07:18:13.239Z [Modules] Module install path: /home/harrek/.config/discord/0.0.54/modules
2024-06-11T07:18:13.239Z [Modules] Module installed file path: /home/harrek/.config/discord/0.0.54/modules/installed.json
2024-06-11T07:18:13.239Z [Modules] Module download path: /home/harrek/.config/discord/0.0.54/modules/pending
2024-06-11T07:18:13.801Z [Modules] No updates to install
2024-06-11T07:18:13.802Z [Modules] Host is up to date.
2024-06-11T07:18:13.802Z [Modules] Checking for module updates at https://discord.com/api/modules/stable/versions.json
2024-06-11T07:18:14.014Z [Modules] No module updates available.
2024-06-11T07:18:16.698Z [Modules] Host is up to date.
2024-06-11T07:18:16.698Z [Modules] Checking for module updates at https://discord.com/api/modules/stable/versions.json
2024-06-11T07:18:16.700Z [Modules] No module updates available.
