2024-06-09T08:38:25.105Z 0: 

----------------------------------------------
2024-06-09T08:38:25.152Z 1: Discord starting: {"releaseChannel":"stable","version":"0.0.54"}, modulepath: /home/harrek/.config/discord/0.0.54/modules
2024-06-09T08:38:25.168Z 2: ✅ webContents.created web1 ""
2024-06-09T08:38:25.185Z 3: ✅ window.created win1 "discord"
2024-06-09T08:38:25.912Z 4: ✅ webContents.did-finish-load web1
2024-06-09T08:38:34.608Z 5: ✅ webContents.created web2 ""
2024-06-09T08:38:34.618Z 6: ✅ window.created win2 "Discord"
2024-06-09T08:38:36.540Z 7: ✅ webContents.did-finish-load web2
2024-06-09T08:38:36.639Z 8: window.close win1
2024-06-09T08:38:36.712Z 9: webContents.destroyed web1
2024-06-09T08:38:36.730Z 10: window.closed win1
2024-06-09T10:08:51.983Z 11: window.close win2
2024-06-09T23:16:43.318Z 0: 

----------------------------------------------
2024-06-09T23:16:43.368Z 1: Discord starting: {"releaseChannel":"stable","version":"0.0.54"}, modulepath: /home/harrek/.config/discord/0.0.54/modules
2024-06-09T23:16:43.408Z 2: ✅ webContents.created web1 ""
2024-06-09T23:16:43.427Z 3: ✅ window.created win1 "discord"
2024-06-09T23:16:43.859Z 4: ✅ webContents.did-finish-load web1
2024-06-09T23:16:44.214Z 5: ✅ webContents.created web2 ""
2024-06-09T23:16:44.221Z 6: ✅ window.created win2 "Discord"
2024-06-09T23:16:46.188Z 7: ✅ webContents.did-finish-load web2
2024-06-09T23:16:46.283Z 8: window.close win1
2024-06-09T23:16:46.297Z 9: webContents.destroyed web1
2024-06-09T23:16:46.304Z 10: window.closed win1
2024-06-09T23:35:35.603Z 11: window.close win2
2024-06-09T23:59:50.678Z 0: 

----------------------------------------------
2024-06-09T23:59:50.692Z 1: Discord starting: {"releaseChannel":"stable","version":"0.0.54"}, modulepath: /home/harrek/.config/discord/0.0.54/modules
2024-06-11T07:18:13.337Z 0: 

----------------------------------------------
2024-06-11T07:18:13.392Z 1: Discord starting: {"releaseChannel":"stable","version":"0.0.54"}, modulepath: /home/harrek/.config/discord/0.0.54/modules
2024-06-11T07:18:13.433Z 2: ✅ webContents.created web1 ""
2024-06-11T07:18:13.451Z 3: ✅ window.created win1 "discord"
2024-06-11T07:18:13.896Z 4: ✅ webContents.did-finish-load web1
2024-06-11T07:18:14.294Z 5: ✅ webContents.created web2 ""
2024-06-11T07:18:14.301Z 6: ✅ window.created win2 "Discord"
2024-06-11T07:18:16.422Z 7: ✅ webContents.did-finish-load web2
2024-06-11T07:18:16.519Z 8: window.close win1
2024-06-11T07:18:16.526Z 9: webContents.destroyed web1
2024-06-11T07:18:16.534Z 10: window.closed win1
